FW_TILED,1024,16,1.1495
FW_TILED,2048,16,9.0043
FW_TILED,4096,16,73.2886
FW_TILED,1024,8,1.7251
FW_TILED,2048,8,13.9817
FW_TILED,4096,8,112.6408
FW_TILED,1024,16,0.5677
FW_TILED,2048,16,4.5421
FW_TILED,4096,16,36.7427
FW_TILED,1024,8,0.8698
FW_TILED,2048,8,7.0628
FW_TILED,4096,8,56.8380
FW_TILED,1024,16,0.2974
FW_TILED,2048,16,2.3707
FW_TILED,4096,16,19.1526
FW_TILED,1024,8,0.4547
FW_TILED,2048,8,3.6855
FW_TILED,4096,8,29.6044
FW_TILED,1024,16,0.1635
FW_TILED,2048,16,1.2886
FW_TILED,4096,16,10.4947
FW_TILED,1024,8,0.2482
FW_TILED,2048,8,2.0039
FW_TILED,4096,8,16.1304
FW_TILED,1024,16,0.1015
FW_TILED,2048,16,0.6840
FW_TILED,4096,16,5.3337
FW_TILED,1024,8,0.1451
FW_TILED,2048,8,1.0169
FW_TILED,4096,8,8.1958
FW_TILED,1024,16,0.0787
FW_TILED,2048,16,0.3842
FW_TILED,4096,16,2.7388
FW_TILED,1024,8,0.1145
FW_TILED,2048,8,0.5479
FW_TILED,4096,8,4.1132
FW_TILED,1024,16,0.0917
FW_TILED,2048,16,0.3577
FW_TILED,4096,16,2.3185
FW_TILED,1024,8,0.0951
FW_TILED,2048,8,0.4769
FW_TILED,4096,8,3.5559
