Benchmark started on Mon Feb 28 10:46:13 EET 2022 in dungani
Dimension M: 256
Adjusted dimension M: 256
Dimension N: 256
Adjusted dimension N: 256
Dimension K: 256
Adjusted dimension K: 256
>>>> Begin of record <<<<
Block dimensions: 32x32
Grid dimensions : 8x8
GPU kernel version: naive
Checking ... PASSED!
Elapsed time: 35.041218 ms
Performance:  95.757037 Gflop/s
>>>> End of record <<<<
Dimension M: 256
Adjusted dimension M: 256
Dimension N: 256
Adjusted dimension N: 256
Dimension K: 512
Adjusted dimension K: 512
>>>> Begin of record <<<<
Block dimensions: 32x32
Grid dimensions : 8x8
GPU kernel version: naive
Checking ... PASSED!
Elapsed time: 69.453186 ms
Performance:  96.624601 Gflop/s
>>>> End of record <<<<
Dimension M: 256
Adjusted dimension M: 256
Dimension N: 256
Adjusted dimension N: 256
Dimension K: 1024
Adjusted dimension K: 1024
>>>> Begin of record <<<<
Block dimensions: 32x32
Grid dimensions : 8x8
GPU kernel version: naive
Checking ... FAILED!
Elapsed time: 147.658020 ms
Performance:  90.897689 Gflop/s
>>>> End of record <<<<
Dimension M: 256
Adjusted dimension M: 256
Dimension N: 256
Adjusted dimension N: 256
Dimension K: 2048
Adjusted dimension K: 2048
>>>> Begin of record <<<<
Block dimensions: 32x32
Grid dimensions : 8x8
GPU kernel version: naive
Checking ... FAILED!
Elapsed time: 316.637604 ms
Performance:  84.776872 Gflop/s
>>>> End of record <<<<
Dimension M: 256
Adjusted dimension M: 256
Dimension N: 512
Adjusted dimension N: 512
Dimension K: 256
Adjusted dimension K: 256
>>>> Begin of record <<<<
Block dimensions: 32x32
Grid dimensions : 16x8
GPU kernel version: naive
Checking ... PASSED!
Elapsed time: 59.109119 ms
Performance:  113.533859 Gflop/s
>>>> End of record <<<<
Dimension M: 256
Adjusted dimension M: 256
Dimension N: 512
Adjusted dimension N: 512
Dimension K: 512
Adjusted dimension K: 512
>>>> Begin of record <<<<
Block dimensions: 32x32
Grid dimensions : 16x8
GPU kernel version: naive
Checking ... FAILED!
Elapsed time: 117.319809 ms
Performance:  114.403296 Gflop/s
>>>> End of record <<<<
Dimension M: 256
Adjusted dimension M: 256
Dimension N: 512
Adjusted dimension N: 512
Dimension K: 1024
Adjusted dimension K: 1024
>>>> Begin of record <<<<
Block dimensions: 32x32
Grid dimensions : 16x8
GPU kernel version: naive
Checking ... FAILED!
Elapsed time: 265.434387 ms
Performance:  101.130625 Gflop/s
>>>> End of record <<<<
Dimension M: 256
Adjusted dimension M: 256
Dimension N: 512
Adjusted dimension N: 512
Dimension K: 2048
Adjusted dimension K: 2048
>>>> Begin of record <<<<
Block dimensions: 32x32
Grid dimensions : 16x8
GPU kernel version: naive
Checking ... FAILED!
Elapsed time: 541.256531 ms
Performance:  99.189734 Gflop/s
>>>> End of record <<<<
Dimension M: 256
Adjusted dimension M: 256
Dimension N: 1024
Adjusted dimension N: 1024
Dimension K: 256
Adjusted dimension K: 256
>>>> Begin of record <<<<
Block dimensions: 32x32
Grid dimensions : 32x8
GPU kernel version: naive
Checking ... PASSED!
Elapsed time: 110.475006 ms
Performance:  121.491487 Gflop/s
>>>> End of record <<<<
Dimension M: 256
Adjusted dimension M: 256
Dimension N: 1024
Adjusted dimension N: 1024
Dimension K: 512
Adjusted dimension K: 512
>>>> Begin of record <<<<
Block dimensions: 32x32
Grid dimensions : 32x8
GPU kernel version: naive
Checking ... PASSED!
Elapsed time: 250.452423 ms
Performance:  107.180219 Gflop/s
>>>> End of record <<<<
Dimension M: 256
Adjusted dimension M: 256
Dimension N: 1024
Adjusted dimension N: 1024
Dimension K: 1024
Adjusted dimension K: 1024
>>>> Begin of record <<<<
Block dimensions: 32x32
Grid dimensions : 32x8
GPU kernel version: naive
Checking ... FAILED!
Elapsed time: 501.447906 ms
Performance:  107.064145 Gflop/s
>>>> End of record <<<<
Dimension M: 256
Adjusted dimension M: 256
Dimension N: 1024
Adjusted dimension N: 1024
Dimension K: 2048
Adjusted dimension K: 2048
>>>> Begin of record <<<<
Block dimensions: 32x32
Grid dimensions : 32x8
GPU kernel version: naive
Checking ... FAILED!
Elapsed time: 993.882507 ms
Performance:  108.035086 Gflop/s
>>>> End of record <<<<
Dimension M: 256
Adjusted dimension M: 256
Dimension N: 2048
Adjusted dimension N: 2048
Dimension K: 256
Adjusted dimension K: 256
>>>> Begin of record <<<<
Block dimensions: 32x32
Grid dimensions : 64x8
GPU kernel version: naive
Checking ... PASSED!
Elapsed time: 252.679810 ms
Performance:  106.235420 Gflop/s
>>>> End of record <<<<
Dimension M: 256
Adjusted dimension M: 256
Dimension N: 2048
Adjusted dimension N: 2048
Dimension K: 512
Adjusted dimension K: 512
>>>> Begin of record <<<<
Block dimensions: 32x32
Grid dimensions : 64x8
GPU kernel version: naive
Checking ... FAILED!
Elapsed time: 500.244598 ms
Performance:  107.321681 Gflop/s
>>>> End of record <<<<
Dimension M: 256
Adjusted dimension M: 256
Dimension N: 2048
Adjusted dimension N: 2048
Dimension K: 1024
Adjusted dimension K: 1024
>>>> Begin of record <<<<
Block dimensions: 32x32
Grid dimensions : 64x8
GPU kernel version: naive
Checking ... FAILED!
Elapsed time: 988.711060 ms
Performance:  108.600163 Gflop/s
>>>> End of record <<<<
Dimension M: 256
Adjusted dimension M: 256
Dimension N: 2048
Adjusted dimension N: 2048
Dimension K: 2048
Adjusted dimension K: 2048
>>>> Begin of record <<<<
Block dimensions: 32x32
Grid dimensions : 64x8
GPU kernel version: naive
Checking ... FAILED!
Elapsed time: 1975.973389 ms
Performance:  108.679786 Gflop/s
>>>> End of record <<<<
Dimension M: 512
Adjusted dimension M: 512
Dimension N: 256
Adjusted dimension N: 256
Dimension K: 256
Adjusted dimension K: 256
>>>> Begin of record <<<<
Block dimensions: 32x32
Grid dimensions : 8x16
GPU kernel version: naive
Checking ... PASSED!
Elapsed time: 59.537056 ms
Performance:  112.717807 Gflop/s
>>>> End of record <<<<
Dimension M: 512
Adjusted dimension M: 512
Dimension N: 256
Adjusted dimension N: 256
Dimension K: 512
Adjusted dimension K: 512
>>>> Begin of record <<<<
Block dimensions: 32x32
Grid dimensions : 8x16
GPU kernel version: naive
Checking ... FAILED!
Elapsed time: 116.557922 ms
Performance:  115.151099 Gflop/s
>>>> End of record <<<<
Dimension M: 512
Adjusted dimension M: 512
Dimension N: 256
Adjusted dimension N: 256
Dimension K: 1024
Adjusted dimension K: 1024
>>>> Begin of record <<<<
Block dimensions: 32x32
Grid dimensions : 8x16
GPU kernel version: naive
Checking ... FAILED!
Elapsed time: 252.954437 ms
Performance:  106.120082 Gflop/s
>>>> End of record <<<<
Dimension M: 512
Adjusted dimension M: 512
Dimension N: 256
Adjusted dimension N: 256
Dimension K: 2048
Adjusted dimension K: 2048
>>>> Begin of record <<<<
Block dimensions: 32x32
Grid dimensions : 8x16
GPU kernel version: naive
Checking ... FAILED!
Elapsed time: 531.822510 ms
Performance:  100.949264 Gflop/s
>>>> End of record <<<<
Dimension M: 512
Adjusted dimension M: 512
Dimension N: 512
Adjusted dimension N: 512
Dimension K: 256
Adjusted dimension K: 256
>>>> Begin of record <<<<
Block dimensions: 32x32
Grid dimensions : 16x16
GPU kernel version: naive
Checking ... PASSED!
Elapsed time: 107.841217 ms
Performance:  124.458655 Gflop/s
>>>> End of record <<<<
Dimension M: 512
Adjusted dimension M: 512
Dimension N: 512
Adjusted dimension N: 512
Dimension K: 512
Adjusted dimension K: 512
>>>> Begin of record <<<<
Block dimensions: 32x32
Grid dimensions : 16x16
GPU kernel version: naive
Checking ... FAILED!
Elapsed time: 213.999390 ms
Performance:  125.437487 Gflop/s
>>>> End of record <<<<
Dimension M: 512
Adjusted dimension M: 512
Dimension N: 512
Adjusted dimension N: 512
Dimension K: 1024
Adjusted dimension K: 1024
>>>> Begin of record <<<<
Block dimensions: 32x32
Grid dimensions : 16x16
GPU kernel version: naive
Checking ... FAILED!
Elapsed time: 488.039459 ms
Performance:  110.005636 Gflop/s
>>>> End of record <<<<
Dimension M: 512
Adjusted dimension M: 512
Dimension N: 512
Adjusted dimension N: 512
Dimension K: 2048
Adjusted dimension K: 2048
>>>> Begin of record <<<<
Block dimensions: 32x32
Grid dimensions : 16x16
GPU kernel version: naive
Checking ... FAILED!
Elapsed time: 974.255493 ms
Performance:  110.211524 Gflop/s
>>>> End of record <<<<
Dimension M: 512
Adjusted dimension M: 512
Dimension N: 1024
Adjusted dimension N: 1024
Dimension K: 256
Adjusted dimension K: 256
>>>> Begin of record <<<<
Block dimensions: 32x32
Grid dimensions : 32x16
GPU kernel version: naive
Checking ... PASSED!
Elapsed time: 214.563614 ms
Performance:  125.107632 Gflop/s
>>>> End of record <<<<
Dimension M: 512
Adjusted dimension M: 512
Dimension N: 1024
Adjusted dimension N: 1024
Dimension K: 512
Adjusted dimension K: 512
>>>> Begin of record <<<<
Block dimensions: 32x32
Grid dimensions : 32x16
GPU kernel version: naive
Checking ... FAILED!
Elapsed time: 495.670624 ms
Performance:  108.312029 Gflop/s
>>>> End of record <<<<
Dimension M: 512
Adjusted dimension M: 512
Dimension N: 1024
Adjusted dimension N: 1024
Dimension K: 1024
Adjusted dimension K: 1024
>>>> Begin of record <<<<
Block dimensions: 32x32
Grid dimensions : 32x16
GPU kernel version: naive
Checking ... FAILED!
Elapsed time: 986.686890 ms
Performance:  108.822954 Gflop/s
>>>> End of record <<<<
Dimension M: 512
Adjusted dimension M: 512
Dimension N: 1024
Adjusted dimension N: 1024
Dimension K: 2048
Adjusted dimension K: 2048
>>>> Begin of record <<<<
Block dimensions: 32x32
Grid dimensions : 32x16
GPU kernel version: naive
Checking ... FAILED!
Elapsed time: 1969.861206 ms
Performance:  109.017003 Gflop/s
>>>> End of record <<<<
Dimension M: 512
Adjusted dimension M: 512
Dimension N: 2048
Adjusted dimension N: 2048
Dimension K: 256
Adjusted dimension K: 256
>>>> Begin of record <<<<
Block dimensions: 32x32
Grid dimensions : 64x16
GPU kernel version: naive
Checking ... PASSED!
Elapsed time: 489.543854 ms
Performance:  109.667583 Gflop/s
>>>> End of record <<<<
Dimension M: 512
Adjusted dimension M: 512
Dimension N: 2048
Adjusted dimension N: 2048
Dimension K: 512
Adjusted dimension K: 512
>>>> Begin of record <<<<
Block dimensions: 32x32
Grid dimensions : 64x16
GPU kernel version: naive
Checking ... FAILED!
Elapsed time: 968.949463 ms
Performance:  110.815049 Gflop/s
>>>> End of record <<<<
Dimension M: 512
Adjusted dimension M: 512
Dimension N: 2048
Adjusted dimension N: 2048
Dimension K: 1024
Adjusted dimension K: 1024
>>>> Begin of record <<<<
Block dimensions: 32x32
Grid dimensions : 64x16
GPU kernel version: naive
Checking ... FAILED!
Elapsed time: 1928.868042 ms
Performance:  111.333881 Gflop/s
>>>> End of record <<<<
Dimension M: 512
Adjusted dimension M: 512
Dimension N: 2048
Adjusted dimension N: 2048
Dimension K: 2048
Adjusted dimension K: 2048
>>>> Begin of record <<<<
Block dimensions: 32x32
Grid dimensions : 64x16
GPU kernel version: naive
Checking ... FAILED!
Elapsed time: 3846.227783 ms
Performance:  111.667003 Gflop/s
>>>> End of record <<<<
Dimension M: 1024
Adjusted dimension M: 1024
Dimension N: 256
Adjusted dimension N: 256
Dimension K: 256
Adjusted dimension K: 256
>>>> Begin of record <<<<
Block dimensions: 32x32
Grid dimensions : 8x32
GPU kernel version: naive
Checking ... PASSED!
Elapsed time: 109.105507 ms
Performance:  123.016456 Gflop/s
>>>> End of record <<<<
Dimension M: 1024
Adjusted dimension M: 1024
Dimension N: 256
Adjusted dimension N: 256
Dimension K: 512
Adjusted dimension K: 512
>>>> Begin of record <<<<
Block dimensions: 32x32
Grid dimensions : 8x32
GPU kernel version: naive
Checking ... PASSED!
Elapsed time: 213.090332 ms
Performance:  125.972611 Gflop/s
>>>> End of record <<<<
Dimension M: 1024
Adjusted dimension M: 1024
Dimension N: 256
Adjusted dimension N: 256
Dimension K: 1024
Adjusted dimension K: 1024
>>>> Begin of record <<<<
Block dimensions: 32x32
Grid dimensions : 8x32
GPU kernel version: naive
Checking ... FAILED!
Elapsed time: 464.926331 ms
Performance:  115.474405 Gflop/s
>>>> End of record <<<<
Dimension M: 1024
Adjusted dimension M: 1024
Dimension N: 256
Adjusted dimension N: 256
Dimension K: 2048
Adjusted dimension K: 2048
>>>> Begin of record <<<<
Block dimensions: 32x32
Grid dimensions : 8x32
GPU kernel version: naive
Checking ... FAILED!
Elapsed time: 966.130249 ms
Performance:  111.138413 Gflop/s
>>>> End of record <<<<
Dimension M: 1024
Adjusted dimension M: 1024
Dimension N: 512
Adjusted dimension N: 512
Dimension K: 256
Adjusted dimension K: 256
>>>> Begin of record <<<<
Block dimensions: 32x32
Grid dimensions : 16x32
GPU kernel version: naive
Checking ... PASSED!
Elapsed time: 212.251495 ms
Performance:  126.470466 Gflop/s
>>>> End of record <<<<
Dimension M: 1024
Adjusted dimension M: 1024
Dimension N: 512
Adjusted dimension N: 512
Dimension K: 512
Adjusted dimension K: 512
>>>> Begin of record <<<<
Block dimensions: 32x32
Grid dimensions : 16x32
GPU kernel version: naive
Checking ... FAILED!
Elapsed time: 417.578766 ms
Performance:  128.567580 Gflop/s
>>>> End of record <<<<
Dimension M: 1024
Adjusted dimension M: 1024
Dimension N: 512
Adjusted dimension N: 512
Dimension K: 1024
Adjusted dimension K: 1024
>>>> Begin of record <<<<
Block dimensions: 32x32
Grid dimensions : 16x32
GPU kernel version: naive
Checking ... FAILED!
Elapsed time: 965.497803 ms
Performance:  111.211214 Gflop/s
>>>> End of record <<<<
Dimension M: 1024
Adjusted dimension M: 1024
Dimension N: 512
Adjusted dimension N: 512
Dimension K: 2048
Adjusted dimension K: 2048
>>>> Begin of record <<<<
Block dimensions: 32x32
Grid dimensions : 16x32
GPU kernel version: naive
Checking ... FAILED!
Elapsed time: 1937.210815 ms
Performance:  110.854411 Gflop/s
>>>> End of record <<<<
Dimension M: 1024
Adjusted dimension M: 1024
Dimension N: 1024
Adjusted dimension N: 1024
Dimension K: 256
Adjusted dimension K: 256
>>>> Begin of record <<<<
Block dimensions: 32x32
Grid dimensions : 32x32
GPU kernel version: naive
Checking ... PASSED!
Elapsed time: 421.981506 ms
Performance:  127.226171 Gflop/s
>>>> End of record <<<<
Dimension M: 1024
Adjusted dimension M: 1024
Dimension N: 1024
Adjusted dimension N: 1024
Dimension K: 512
Adjusted dimension K: 512
>>>> Begin of record <<<<
Block dimensions: 32x32
Grid dimensions : 32x32
GPU kernel version: naive
Checking ... FAILED!
Elapsed time: 965.825012 ms
Performance:  111.173537 Gflop/s
>>>> End of record <<<<
Dimension M: 1024
Adjusted dimension M: 1024
Dimension N: 1024
Adjusted dimension N: 1024
Dimension K: 1024
Adjusted dimension K: 1024
>>>> Begin of record <<<<
Block dimensions: 32x32
Grid dimensions : 32x32
GPU kernel version: naive
Checking ... FAILED!
Elapsed time: 1927.783203 ms
Performance:  111.396533 Gflop/s
>>>> End of record <<<<
Dimension M: 1024
Adjusted dimension M: 1024
Dimension N: 1024
Adjusted dimension N: 1024
Dimension K: 2048
Adjusted dimension K: 2048
>>>> Begin of record <<<<
Block dimensions: 32x32
Grid dimensions : 32x32
GPU kernel version: naive
Checking ... FAILED!
Elapsed time: 3837.300537 ms
Performance:  111.926790 Gflop/s
>>>> End of record <<<<
Dimension M: 1024
Adjusted dimension M: 1024
Dimension N: 2048
Adjusted dimension N: 2048
Dimension K: 256
Adjusted dimension K: 256
>>>> Begin of record <<<<
Block dimensions: 32x32
Grid dimensions : 64x32
GPU kernel version: naive
Checking ... PASSED!
Elapsed time: 973.171326 ms
Performance:  110.334306 Gflop/s
>>>> End of record <<<<
Dimension M: 1024
Adjusted dimension M: 1024
Dimension N: 2048
Adjusted dimension N: 2048
Dimension K: 512
Adjusted dimension K: 512
>>>> Begin of record <<<<
Block dimensions: 32x32
Grid dimensions : 64x32
GPU kernel version: naive
Checking ... FAILED!
Elapsed time: 1927.192993 ms
Performance:  111.430648 Gflop/s
>>>> End of record <<<<
Dimension M: 1024
Adjusted dimension M: 1024
Dimension N: 2048
Adjusted dimension N: 2048
Dimension K: 1024
Adjusted dimension K: 1024
>>>> Begin of record <<<<
Block dimensions: 32x32
Grid dimensions : 64x32
GPU kernel version: naive
Checking ... FAILED!
Elapsed time: 3837.161133 ms
Performance:  111.930856 Gflop/s
>>>> End of record <<<<
Dimension M: 1024
Adjusted dimension M: 1024
Dimension N: 2048
Adjusted dimension N: 2048
Dimension K: 2048
Adjusted dimension K: 2048
>>>> Begin of record <<<<
Block dimensions: 32x32
Grid dimensions : 64x32
GPU kernel version: naive
Checking ... FAILED!
Elapsed time: 7636.299805 ms
Performance:  112.488179 Gflop/s
>>>> End of record <<<<
Dimension M: 2048
Adjusted dimension M: 2048
Dimension N: 256
Adjusted dimension N: 256
Dimension K: 256
Adjusted dimension K: 256
>>>> Begin of record <<<<
Block dimensions: 32x32
Grid dimensions : 8x64
GPU kernel version: naive
Checking ... PASSED!
Elapsed time: 215.065796 ms
Performance:  124.815503 Gflop/s
>>>> End of record <<<<
Dimension M: 2048
Adjusted dimension M: 2048
Dimension N: 256
Adjusted dimension N: 256
Dimension K: 512
Adjusted dimension K: 512
>>>> Begin of record <<<<
Block dimensions: 32x32
Grid dimensions : 8x64
GPU kernel version: naive
Checking ... FAILED!
Elapsed time: 420.229309 ms
Performance:  127.756656 Gflop/s
>>>> End of record <<<<
Dimension M: 2048
Adjusted dimension M: 2048
Dimension N: 256
Adjusted dimension N: 256
Dimension K: 1024
Adjusted dimension K: 1024
>>>> Begin of record <<<<
Block dimensions: 32x32
Grid dimensions : 8x64
GPU kernel version: naive
Checking ... FAILED!
Elapsed time: 928.177673 ms
Performance:  115.682789 Gflop/s
>>>> End of record <<<<
Dimension M: 2048
Adjusted dimension M: 2048
Dimension N: 256
Adjusted dimension N: 256
Dimension K: 2048
Adjusted dimension K: 2048
>>>> Begin of record <<<<
Block dimensions: 32x32
Grid dimensions : 8x64
GPU kernel version: naive
Checking ... FAILED!
Elapsed time: 1905.205200 ms
Performance:  112.716659 Gflop/s
>>>> End of record <<<<
Dimension M: 2048
Adjusted dimension M: 2048
Dimension N: 512
Adjusted dimension N: 512
Dimension K: 256
Adjusted dimension K: 256
>>>> Begin of record <<<<
Block dimensions: 32x32
Grid dimensions : 16x64
GPU kernel version: naive
Checking ... PASSED!
Elapsed time: 418.805237 ms
Performance:  128.191069 Gflop/s
>>>> End of record <<<<
Dimension M: 2048
Adjusted dimension M: 2048
Dimension N: 512
Adjusted dimension N: 512
Dimension K: 512
Adjusted dimension K: 512
>>>> Begin of record <<<<
Block dimensions: 32x32
Grid dimensions : 16x64
GPU kernel version: naive
Checking ... FAILED!
Elapsed time: 817.900574 ms
Performance:  131.280239 Gflop/s
>>>> End of record <<<<
Dimension M: 2048
Adjusted dimension M: 2048
Dimension N: 512
Adjusted dimension N: 512
Dimension K: 1024
Adjusted dimension K: 1024
>>>> Begin of record <<<<
Block dimensions: 32x32
Grid dimensions : 16x64
GPU kernel version: naive
Checking ... FAILED!
Elapsed time: 1887.865723 ms
Performance:  113.751927 Gflop/s
>>>> End of record <<<<
Dimension M: 2048
Adjusted dimension M: 2048
Dimension N: 512
Adjusted dimension N: 512
Dimension K: 2048
Adjusted dimension K: 2048
>>>> Begin of record <<<<
Block dimensions: 32x32
Grid dimensions : 16x64
GPU kernel version: naive
Checking ... FAILED!
Elapsed time: 3788.179443 ms
Performance:  113.378137 Gflop/s
>>>> End of record <<<<
Dimension M: 2048
Adjusted dimension M: 2048
Dimension N: 1024
Adjusted dimension N: 1024
Dimension K: 256
Adjusted dimension K: 256
>>>> Begin of record <<<<
Block dimensions: 32x32
Grid dimensions : 32x64
GPU kernel version: naive
Checking ... PASSED!
Elapsed time: 838.175110 ms
Performance:  128.104714 Gflop/s
>>>> End of record <<<<
Dimension M: 2048
Adjusted dimension M: 2048
Dimension N: 1024
Adjusted dimension N: 1024
Dimension K: 512
Adjusted dimension K: 512
>>>> Begin of record <<<<
Block dimensions: 32x32
Grid dimensions : 32x64
GPU kernel version: naive
Checking ... FAILED!
Elapsed time: 1921.802856 ms
Performance:  111.743181 Gflop/s
>>>> End of record <<<<
Dimension M: 2048
Adjusted dimension M: 2048
Dimension N: 1024
Adjusted dimension N: 1024
Dimension K: 1024
Adjusted dimension K: 1024
>>>> Begin of record <<<<
Block dimensions: 32x32
Grid dimensions : 32x64
GPU kernel version: naive
Checking ... FAILED!
Elapsed time: 3825.295410 ms
Performance:  112.278055 Gflop/s
>>>> End of record <<<<
Dimension M: 2048
Adjusted dimension M: 2048
Dimension N: 1024
Adjusted dimension N: 1024
Dimension K: 2048
Adjusted dimension K: 2048
>>>> Begin of record <<<<
Block dimensions: 32x32
Grid dimensions : 32x64
GPU kernel version: naive
Checking ... FAILED!
Elapsed time: 7622.277344 ms
Performance:  112.695120 Gflop/s
>>>> End of record <<<<
Dimension M: 2048
Adjusted dimension M: 2048
Dimension N: 2048
Adjusted dimension N: 2048
Dimension K: 256
Adjusted dimension K: 256
>>>> Begin of record <<<<
Block dimensions: 32x32
Grid dimensions : 64x64
GPU kernel version: naive
Checking ... FAILED!
Elapsed time: 1937.114624 ms
Performance:  110.859916 Gflop/s
>>>> End of record <<<<
Dimension M: 2048
Adjusted dimension M: 2048
Dimension N: 2048
Adjusted dimension N: 2048
Dimension K: 512
Adjusted dimension K: 512
>>>> Begin of record <<<<
Block dimensions: 32x32
Grid dimensions : 64x64
GPU kernel version: naive
Checking ... FAILED!
Elapsed time: 3844.398438 ms
Performance:  111.720139 Gflop/s
>>>> End of record <<<<
Dimension M: 2048
Adjusted dimension M: 2048
Dimension N: 2048
Adjusted dimension N: 2048
Dimension K: 1024
Adjusted dimension K: 1024
>>>> Begin of record <<<<
Block dimensions: 32x32
Grid dimensions : 64x64
GPU kernel version: naive
Checking ... FAILED!
Elapsed time: 7643.787109 ms
Performance:  112.377994 Gflop/s
>>>> End of record <<<<
Dimension M: 2048
Adjusted dimension M: 2048
Dimension N: 2048
Adjusted dimension N: 2048
Dimension K: 2048
Adjusted dimension K: 2048
>>>> Begin of record <<<<
Block dimensions: 32x32
Grid dimensions : 64x64
GPU kernel version: naive
Checking ... FAILED!
Elapsed time: 15226.330078 ms
Performance:  112.830006 Gflop/s
>>>> End of record <<<<
Dimension M: 256
Adjusted dimension M: 256
Dimension N: 256
Adjusted dimension N: 256
Dimension K: 256
Adjusted dimension K: 256
>>>> Begin of record <<<<
Block dimensions: 32x32
Grid dimensions : 8x8
GPU kernel version: coalesced_A
Checking ... PASSED!
Elapsed time: 32.044609 ms
Performance:  104.711628 Gflop/s
>>>> End of record <<<<
Dimension M: 256
Adjusted dimension M: 256
Dimension N: 256
Adjusted dimension N: 256
Dimension K: 512
Adjusted dimension K: 512
>>>> Begin of record <<<<
Block dimensions: 32x32
Grid dimensions : 8x8
GPU kernel version: coalesced_A
Checking ... PASSED!
Elapsed time: 64.518211 ms
Performance:  104.015382 Gflop/s
>>>> End of record <<<<
Dimension M: 256
Adjusted dimension M: 256
Dimension N: 256
Adjusted dimension N: 256
Dimension K: 1024
Adjusted dimension K: 1024
>>>> Begin of record <<<<
Block dimensions: 32x32
Grid dimensions : 8x8
GPU kernel version: coalesced_A
Checking ... FAILED!
Elapsed time: 128.503967 ms
Performance:  104.446369 Gflop/s
>>>> End of record <<<<
Dimension M: 256
Adjusted dimension M: 256
Dimension N: 256
Adjusted dimension N: 256
Dimension K: 2048
Adjusted dimension K: 2048
>>>> Begin of record <<<<
Block dimensions: 32x32
Grid dimensions : 8x8
GPU kernel version: coalesced_A
Checking ... FAILED!
Elapsed time: 257.525330 ms
Performance:  104.236526 Gflop/s
>>>> End of record <<<<
Dimension M: 256
Adjusted dimension M: 256
Dimension N: 512
Adjusted dimension N: 512
Dimension K: 256
Adjusted dimension K: 256
>>>> Begin of record <<<<
Block dimensions: 32x32
Grid dimensions : 16x8
GPU kernel version: coalesced_A
Checking ... PASSED!
Elapsed time: 58.550945 ms
Performance:  114.616192 Gflop/s
>>>> End of record <<<<
Dimension M: 256
Adjusted dimension M: 256
Dimension N: 512
Adjusted dimension N: 512
Dimension K: 512
Adjusted dimension K: 512
>>>> Begin of record <<<<
Block dimensions: 32x32
Grid dimensions : 16x8
GPU kernel version: coalesced_A
Checking ... FAILED!
Elapsed time: 116.531616 ms
Performance:  115.177093 Gflop/s
>>>> End of record <<<<
Dimension M: 256
Adjusted dimension M: 256
Dimension N: 512
Adjusted dimension N: 512
Dimension K: 1024
Adjusted dimension K: 1024
>>>> Begin of record <<<<
Block dimensions: 32x32
Grid dimensions : 16x8
GPU kernel version: coalesced_A
Checking ... FAILED!
Elapsed time: 226.282333 ms
Performance:  118.628552 Gflop/s
>>>> End of record <<<<
Dimension M: 256
Adjusted dimension M: 256
Dimension N: 512
Adjusted dimension N: 512
Dimension K: 2048
Adjusted dimension K: 2048
>>>> Begin of record <<<<
Block dimensions: 32x32
Grid dimensions : 16x8
GPU kernel version: coalesced_A
Checking ... FAILED!
Elapsed time: 452.175720 ms
Performance:  118.730593 Gflop/s
>>>> End of record <<<<
Dimension M: 256
Adjusted dimension M: 256
Dimension N: 1024
Adjusted dimension N: 1024
Dimension K: 256
Adjusted dimension K: 256
>>>> Begin of record <<<<
Block dimensions: 32x32
Grid dimensions : 32x8
GPU kernel version: coalesced_A
Checking ... PASSED!
Elapsed time: 116.087166 ms
Performance:  115.618059 Gflop/s
>>>> End of record <<<<
Dimension M: 256
Adjusted dimension M: 256
Dimension N: 1024
Adjusted dimension N: 1024
Dimension K: 512
Adjusted dimension K: 512
>>>> Begin of record <<<<
Block dimensions: 32x32
Grid dimensions : 32x8
GPU kernel version: coalesced_A
Checking ... PASSED!
Elapsed time: 229.470139 ms
Performance:  116.980561 Gflop/s
>>>> End of record <<<<
Dimension M: 256
Adjusted dimension M: 256
Dimension N: 1024
Adjusted dimension N: 1024
Dimension K: 1024
Adjusted dimension K: 1024
>>>> Begin of record <<<<
Block dimensions: 32x32
Grid dimensions : 32x8
GPU kernel version: coalesced_A
Checking ... FAILED!
Elapsed time: 455.349304 ms
Performance:  117.903093 Gflop/s
>>>> End of record <<<<
Dimension M: 256
Adjusted dimension M: 256
Dimension N: 1024
Adjusted dimension N: 1024
Dimension K: 2048
Adjusted dimension K: 2048
>>>> Begin of record <<<<
Block dimensions: 32x32
Grid dimensions : 32x8
GPU kernel version: coalesced_A
Checking ... FAILED!
Elapsed time: 906.587708 ms
Performance:  118.437721 Gflop/s
>>>> End of record <<<<
Dimension M: 256
Adjusted dimension M: 256
Dimension N: 2048
Adjusted dimension N: 2048
Dimension K: 256
Adjusted dimension K: 256
>>>> Begin of record <<<<
Block dimensions: 32x32
Grid dimensions : 64x8
GPU kernel version: coalesced_A
Checking ... PASSED!
Elapsed time: 222.641541 ms
Performance:  120.568451 Gflop/s
>>>> End of record <<<<
Dimension M: 256
Adjusted dimension M: 256
Dimension N: 2048
Adjusted dimension N: 2048
Dimension K: 512
Adjusted dimension K: 512
>>>> Begin of record <<<<
Block dimensions: 32x32
Grid dimensions : 64x8
GPU kernel version: coalesced_A
Checking ... FAILED!
Elapsed time: 438.401367 ms
Performance:  122.461049 Gflop/s
>>>> End of record <<<<
Dimension M: 256
Adjusted dimension M: 256
Dimension N: 2048
Adjusted dimension N: 2048
Dimension K: 1024
Adjusted dimension K: 1024
>>>> Begin of record <<<<
Block dimensions: 32x32
Grid dimensions : 64x8
GPU kernel version: coalesced_A
Checking ... FAILED!
Elapsed time: 869.663208 ms
Performance:  123.466396 Gflop/s
>>>> End of record <<<<
Dimension M: 256
Adjusted dimension M: 256
Dimension N: 2048
Adjusted dimension N: 2048
Dimension K: 2048
Adjusted dimension K: 2048
>>>> Begin of record <<<<
Block dimensions: 32x32
Grid dimensions : 64x8
GPU kernel version: coalesced_A
Checking ... FAILED!
Elapsed time: 1731.840454 ms
Performance:  124.000086 Gflop/s
>>>> End of record <<<<
Dimension M: 512
Adjusted dimension M: 512
Dimension N: 256
Adjusted dimension N: 256
Dimension K: 256
Adjusted dimension K: 256
>>>> Begin of record <<<<
Block dimensions: 32x32
Grid dimensions : 8x16
GPU kernel version: coalesced_A
Checking ... PASSED!
Elapsed time: 59.845310 ms
Performance:  112.137215 Gflop/s
>>>> End of record <<<<
Dimension M: 512
Adjusted dimension M: 512
Dimension N: 256
Adjusted dimension N: 256
Dimension K: 512
Adjusted dimension K: 512
>>>> Begin of record <<<<
Block dimensions: 32x32
Grid dimensions : 8x16
GPU kernel version: coalesced_A
Checking ... FAILED!
Elapsed time: 119.315453 ms
Performance:  112.489812 Gflop/s
>>>> End of record <<<<
Dimension M: 512
Adjusted dimension M: 512
Dimension N: 256
Adjusted dimension N: 256
Dimension K: 1024
Adjusted dimension K: 1024
>>>> Begin of record <<<<
Block dimensions: 32x32
Grid dimensions : 8x16
GPU kernel version: coalesced_A
Checking ... FAILED!
Elapsed time: 238.963104 ms
Performance:  112.333432 Gflop/s
>>>> End of record <<<<
Dimension M: 512
Adjusted dimension M: 512
Dimension N: 256
Adjusted dimension N: 256
Dimension K: 2048
Adjusted dimension K: 2048
>>>> Begin of record <<<<
Block dimensions: 32x32
Grid dimensions : 8x16
GPU kernel version: coalesced_A
Checking ... FAILED!
Elapsed time: 477.406921 ms
Performance:  112.455620 Gflop/s
>>>> End of record <<<<
Dimension M: 512
Adjusted dimension M: 512
Dimension N: 512
Adjusted dimension N: 512
Dimension K: 256
Adjusted dimension K: 256
>>>> Begin of record <<<<
Block dimensions: 32x32
Grid dimensions : 16x16
GPU kernel version: coalesced_A
Checking ... PASSED!
Elapsed time: 115.996513 ms
Performance:  115.708416 Gflop/s
>>>> End of record <<<<
Dimension M: 512
Adjusted dimension M: 512
Dimension N: 512
Adjusted dimension N: 512
Dimension K: 512
Adjusted dimension K: 512
>>>> Begin of record <<<<
Block dimensions: 32x32
Grid dimensions : 16x16
GPU kernel version: coalesced_A
Checking ... FAILED!
Elapsed time: 230.856323 ms
Performance:  116.278147 Gflop/s
>>>> End of record <<<<
Dimension M: 512
Adjusted dimension M: 512
Dimension N: 512
Adjusted dimension N: 512
Dimension K: 1024
Adjusted dimension K: 1024
>>>> Begin of record <<<<
Block dimensions: 32x32
Grid dimensions : 16x16
GPU kernel version: coalesced_A
Checking ... FAILED!
Elapsed time: 449.159454 ms
Performance:  119.527911 Gflop/s
>>>> End of record <<<<
Dimension M: 512
Adjusted dimension M: 512
Dimension N: 512
Adjusted dimension N: 512
Dimension K: 2048
Adjusted dimension K: 2048
>>>> Begin of record <<<<
Block dimensions: 32x32
Grid dimensions : 16x16
GPU kernel version: coalesced_A
Checking ... FAILED!
Elapsed time: 898.349609 ms
Performance:  119.523826 Gflop/s
>>>> End of record <<<<
Dimension M: 512
Adjusted dimension M: 512
Dimension N: 1024
Adjusted dimension N: 1024
Dimension K: 256
Adjusted dimension K: 256
>>>> Begin of record <<<<
Block dimensions: 32x32
Grid dimensions : 32x16
GPU kernel version: coalesced_A
Checking ... PASSED!
Elapsed time: 227.973145 ms
Performance:  117.748718 Gflop/s
>>>> End of record <<<<
Dimension M: 512
Adjusted dimension M: 512
Dimension N: 1024
Adjusted dimension N: 1024
Dimension K: 512
Adjusted dimension K: 512
>>>> Begin of record <<<<
Block dimensions: 32x32
Grid dimensions : 32x16
GPU kernel version: coalesced_A
Checking ... FAILED!
Elapsed time: 449.280670 ms
Performance:  119.495662 Gflop/s
>>>> End of record <<<<
Dimension M: 512
Adjusted dimension M: 512
Dimension N: 1024
Adjusted dimension N: 1024
Dimension K: 1024
Adjusted dimension K: 1024
>>>> Begin of record <<<<
Block dimensions: 32x32
Grid dimensions : 32x16
GPU kernel version: coalesced_A
Checking ... FAILED!
Elapsed time: 893.207581 ms
Performance:  120.211902 Gflop/s
>>>> End of record <<<<
Dimension M: 512
Adjusted dimension M: 512
Dimension N: 1024
Adjusted dimension N: 1024
Dimension K: 2048
Adjusted dimension K: 2048
>>>> Begin of record <<<<
Block dimensions: 32x32
Grid dimensions : 32x16
GPU kernel version: coalesced_A
Checking ... FAILED!
Elapsed time: 1776.692627 ms
Performance:  120.869734 Gflop/s
>>>> End of record <<<<
Dimension M: 512
Adjusted dimension M: 512
Dimension N: 2048
Adjusted dimension N: 2048
Dimension K: 256
Adjusted dimension K: 256
>>>> Begin of record <<<<
Block dimensions: 32x32
Grid dimensions : 64x16
GPU kernel version: coalesced_A
Checking ... PASSED!
Elapsed time: 440.624084 ms
Performance:  121.843297 Gflop/s
>>>> End of record <<<<
Dimension M: 512
Adjusted dimension M: 512
Dimension N: 2048
Adjusted dimension N: 2048
Dimension K: 512
Adjusted dimension K: 512
>>>> Begin of record <<<<
Block dimensions: 32x32
Grid dimensions : 64x16
GPU kernel version: coalesced_A
Checking ... FAILED!
Elapsed time: 868.323853 ms
Performance:  123.656839 Gflop/s
>>>> End of record <<<<
Dimension M: 512
Adjusted dimension M: 512
Dimension N: 2048
Adjusted dimension N: 2048
Dimension K: 1024
Adjusted dimension K: 1024
>>>> Begin of record <<<<
Block dimensions: 32x32
Grid dimensions : 64x16
GPU kernel version: coalesced_A
Checking ... FAILED!
Elapsed time: 1722.051147 ms
Performance:  124.704986 Gflop/s
>>>> End of record <<<<
Dimension M: 512
Adjusted dimension M: 512
Dimension N: 2048
Adjusted dimension N: 2048
Dimension K: 2048
Adjusted dimension K: 2048
>>>> Begin of record <<<<
Block dimensions: 32x32
Grid dimensions : 64x16
GPU kernel version: coalesced_A
Checking ... FAILED!
Elapsed time: 3435.912109 ms
Performance:  125.002246 Gflop/s
>>>> End of record <<<<
Dimension M: 1024
Adjusted dimension M: 1024
Dimension N: 256
Adjusted dimension N: 256
Dimension K: 256
Adjusted dimension K: 256
>>>> Begin of record <<<<
Block dimensions: 32x32
Grid dimensions : 8x32
GPU kernel version: coalesced_A
Checking ... PASSED!
Elapsed time: 118.717278 ms
Performance:  113.056609 Gflop/s
>>>> End of record <<<<
Dimension M: 1024
Adjusted dimension M: 1024
Dimension N: 256
Adjusted dimension N: 256
Dimension K: 512
Adjusted dimension K: 512
>>>> Begin of record <<<<
Block dimensions: 32x32
Grid dimensions : 8x32
GPU kernel version: coalesced_A
Checking ... PASSED!
Elapsed time: 237.750397 ms
Performance:  112.906418 Gflop/s
>>>> End of record <<<<
Dimension M: 1024
Adjusted dimension M: 1024
Dimension N: 256
Adjusted dimension N: 256
Dimension K: 1024
Adjusted dimension K: 1024
>>>> Begin of record <<<<
Block dimensions: 32x32
Grid dimensions : 8x32
GPU kernel version: coalesced_A
Checking ... FAILED!
Elapsed time: 474.181366 ms
Performance:  113.220584 Gflop/s
>>>> End of record <<<<
Dimension M: 1024
Adjusted dimension M: 1024
Dimension N: 256
Adjusted dimension N: 256
Dimension K: 2048
Adjusted dimension K: 2048
>>>> Begin of record <<<<
Block dimensions: 32x32
Grid dimensions : 8x32
GPU kernel version: coalesced_A
Checking ... FAILED!
Elapsed time: 939.644287 ms
Performance:  114.271096 Gflop/s
>>>> End of record <<<<
Dimension M: 1024
Adjusted dimension M: 1024
Dimension N: 512
Adjusted dimension N: 512
Dimension K: 256
Adjusted dimension K: 256
>>>> Begin of record <<<<
Block dimensions: 32x32
Grid dimensions : 16x32
GPU kernel version: coalesced_A
Checking ... PASSED!
Elapsed time: 228.660263 ms
Performance:  117.394886 Gflop/s
>>>> End of record <<<<
Dimension M: 1024
Adjusted dimension M: 1024
Dimension N: 512
Adjusted dimension N: 512
Dimension K: 512
Adjusted dimension K: 512
>>>> Begin of record <<<<
Block dimensions: 32x32
Grid dimensions : 16x32
GPU kernel version: coalesced_A
Checking ... FAILED!
Elapsed time: 453.542847 ms
Performance:  118.372700 Gflop/s
>>>> End of record <<<<
Dimension M: 1024
Adjusted dimension M: 1024
Dimension N: 512
Adjusted dimension N: 512
Dimension K: 1024
Adjusted dimension K: 1024
>>>> Begin of record <<<<
Block dimensions: 32x32
Grid dimensions : 16x32
GPU kernel version: coalesced_A
Checking ... FAILED!
Elapsed time: 885.238831 ms
Performance:  121.294027 Gflop/s
>>>> End of record <<<<
Dimension M: 1024
Adjusted dimension M: 1024
Dimension N: 512
Adjusted dimension N: 512
Dimension K: 2048
Adjusted dimension K: 2048
>>>> Begin of record <<<<
Block dimensions: 32x32
Grid dimensions : 16x32
GPU kernel version: coalesced_A
Checking ... FAILED!
Elapsed time: 1764.991089 ms
Performance:  121.671076 Gflop/s
>>>> End of record <<<<
Dimension M: 1024
Adjusted dimension M: 1024
Dimension N: 1024
Adjusted dimension N: 1024
Dimension K: 256
Adjusted dimension K: 256
>>>> Begin of record <<<<
Block dimensions: 32x32
Grid dimensions : 32x32
GPU kernel version: coalesced_A
Checking ... PASSED!
Elapsed time: 452.524719 ms
Performance:  118.639024 Gflop/s
>>>> End of record <<<<
Dimension M: 1024
Adjusted dimension M: 1024
Dimension N: 1024
Adjusted dimension N: 1024
Dimension K: 512
Adjusted dimension K: 512
>>>> Begin of record <<<<
Block dimensions: 32x32
Grid dimensions : 32x32
GPU kernel version: coalesced_A
Checking ... FAILED!
Elapsed time: 889.007324 ms
Performance:  120.779863 Gflop/s
>>>> End of record <<<<
Dimension M: 1024
Adjusted dimension M: 1024
Dimension N: 1024
Adjusted dimension N: 1024
Dimension K: 1024
Adjusted dimension K: 1024
>>>> Begin of record <<<<
Block dimensions: 32x32
Grid dimensions : 32x32
GPU kernel version: coalesced_A
Checking ... FAILED!
Elapsed time: 1770.391724 ms
Performance:  121.299915 Gflop/s
>>>> End of record <<<<
Dimension M: 1024
Adjusted dimension M: 1024
Dimension N: 1024
Adjusted dimension N: 1024
Dimension K: 2048
Adjusted dimension K: 2048
>>>> Begin of record <<<<
Block dimensions: 32x32
Grid dimensions : 32x32
GPU kernel version: coalesced_A
Checking ... FAILED!
Elapsed time: 3528.658203 ms
Performance:  121.716728 Gflop/s
>>>> End of record <<<<
Dimension M: 1024
Adjusted dimension M: 1024
Dimension N: 2048
Adjusted dimension N: 2048
Dimension K: 256
Adjusted dimension K: 256
>>>> Begin of record <<<<
Block dimensions: 32x32
Grid dimensions : 64x32
GPU kernel version: coalesced_A
Checking ... PASSED!
Elapsed time: 876.912842 ms
Performance:  122.445672 Gflop/s
>>>> End of record <<<<
Dimension M: 1024
Adjusted dimension M: 1024
Dimension N: 2048
Adjusted dimension N: 2048
Dimension K: 512
Adjusted dimension K: 512
>>>> Begin of record <<<<
Block dimensions: 32x32
Grid dimensions : 64x32
GPU kernel version: coalesced_A
Checking ... FAILED!
Elapsed time: 1726.940308 ms
Performance:  124.351933 Gflop/s
>>>> End of record <<<<
Dimension M: 1024
Adjusted dimension M: 1024
Dimension N: 2048
Adjusted dimension N: 2048
Dimension K: 1024
Adjusted dimension K: 1024
>>>> Begin of record <<<<
Block dimensions: 32x32
Grid dimensions : 64x32
GPU kernel version: coalesced_A
Checking ... FAILED!
Elapsed time: 3481.475098 ms
Performance:  123.366308 Gflop/s
>>>> End of record <<<<
Dimension M: 1024
Adjusted dimension M: 1024
Dimension N: 2048
Adjusted dimension N: 2048
Dimension K: 2048
Adjusted dimension K: 2048
>>>> Begin of record <<<<
Block dimensions: 32x32
Grid dimensions : 64x32
GPU kernel version: coalesced_A
Checking ... FAILED!
Elapsed time: 6848.176270 ms
Performance:  125.433900 Gflop/s
>>>> End of record <<<<
Dimension M: 2048
Adjusted dimension M: 2048
Dimension N: 256
Adjusted dimension N: 256
Dimension K: 256
Adjusted dimension K: 256
>>>> Begin of record <<<<
Block dimensions: 32x32
Grid dimensions : 8x64
GPU kernel version: coalesced_A
Checking ... PASSED!
Elapsed time: 234.411804 ms
Performance:  114.514479 Gflop/s
>>>> End of record <<<<
Dimension M: 2048
Adjusted dimension M: 2048
Dimension N: 256
Adjusted dimension N: 256
Dimension K: 512
Adjusted dimension K: 512
>>>> Begin of record <<<<
Block dimensions: 32x32
Grid dimensions : 8x64
GPU kernel version: coalesced_A
Checking ... FAILED!
Elapsed time: 466.745483 ms
Performance:  115.024340 Gflop/s
>>>> End of record <<<<
Dimension M: 2048
Adjusted dimension M: 2048
Dimension N: 256
Adjusted dimension N: 256
Dimension K: 1024
Adjusted dimension K: 1024
>>>> Begin of record <<<<
Block dimensions: 32x32
Grid dimensions : 8x64
GPU kernel version: coalesced_A
Checking ... FAILED!
Elapsed time: 933.313416 ms
Performance:  115.046222 Gflop/s
>>>> End of record <<<<
Dimension M: 2048
Adjusted dimension M: 2048
Dimension N: 256
Adjusted dimension N: 256
Dimension K: 2048
Adjusted dimension K: 2048
>>>> Begin of record <<<<
Block dimensions: 32x32
Grid dimensions : 8x64
GPU kernel version: coalesced_A
Checking ... FAILED!
Elapsed time: 1861.314453 ms
Performance:  115.374575 Gflop/s
>>>> End of record <<<<
Dimension M: 2048
Adjusted dimension M: 2048
Dimension N: 512
Adjusted dimension N: 512
Dimension K: 256
Adjusted dimension K: 256
>>>> Begin of record <<<<
Block dimensions: 32x32
Grid dimensions : 16x64
GPU kernel version: coalesced_A
Checking ... PASSED!
Elapsed time: 453.448914 ms
Performance:  118.397221 Gflop/s
>>>> End of record <<<<
Dimension M: 2048
Adjusted dimension M: 2048
Dimension N: 512
Adjusted dimension N: 512
Dimension K: 512
Adjusted dimension K: 512
>>>> Begin of record <<<<
Block dimensions: 32x32
Grid dimensions : 16x64
GPU kernel version: coalesced_A
Checking ... FAILED!
Elapsed time: 899.771423 ms
Performance:  119.334955 Gflop/s
>>>> End of record <<<<
Dimension M: 2048
Adjusted dimension M: 2048
Dimension N: 512
Adjusted dimension N: 512
Dimension K: 1024
Adjusted dimension K: 1024
>>>> Begin of record <<<<
Block dimensions: 32x32
Grid dimensions : 16x64
GPU kernel version: coalesced_A
Checking ... FAILED!
Elapsed time: 1757.127686 ms
Performance:  122.215572 Gflop/s
>>>> End of record <<<<
Dimension M: 2048
Adjusted dimension M: 2048
Dimension N: 512
Adjusted dimension N: 512
Dimension K: 2048
Adjusted dimension K: 2048
>>>> Begin of record <<<<
Block dimensions: 32x32
Grid dimensions : 16x64
GPU kernel version: coalesced_A
Checking ... FAILED!
Elapsed time: 3505.307861 ms
Performance:  122.527534 Gflop/s
>>>> End of record <<<<
Dimension M: 2048
Adjusted dimension M: 2048
Dimension N: 1024
Adjusted dimension N: 1024
Dimension K: 256
Adjusted dimension K: 256
>>>> Begin of record <<<<
Block dimensions: 32x32
Grid dimensions : 32x64
GPU kernel version: coalesced_A
Checking ... PASSED!
Elapsed time: 902.977600 ms
Performance:  118.911236 Gflop/s
>>>> End of record <<<<
Dimension M: 2048
Adjusted dimension M: 2048
Dimension N: 1024
Adjusted dimension N: 1024
Dimension K: 512
Adjusted dimension K: 512
>>>> Begin of record <<<<
Block dimensions: 32x32
Grid dimensions : 32x64
GPU kernel version: coalesced_A
Checking ... FAILED!
Elapsed time: 1775.604980 ms
Performance:  120.943772 Gflop/s
>>>> End of record <<<<
Dimension M: 2048
Adjusted dimension M: 2048
Dimension N: 1024
Adjusted dimension N: 1024
Dimension K: 1024
Adjusted dimension K: 1024
>>>> Begin of record <<<<
Block dimensions: 32x32
Grid dimensions : 32x64
GPU kernel version: coalesced_A
Checking ... FAILED!
Elapsed time: 3530.858398 ms
Performance:  121.640882 Gflop/s
>>>> End of record <<<<
Dimension M: 2048
Adjusted dimension M: 2048
Dimension N: 1024
Adjusted dimension N: 1024
Dimension K: 2048
Adjusted dimension K: 2048
>>>> Begin of record <<<<
Block dimensions: 32x32
Grid dimensions : 32x64
GPU kernel version: coalesced_A
Checking ... FAILED!
Elapsed time: 7041.814453 ms
Performance:  121.984677 Gflop/s
>>>> End of record <<<<
Dimension M: 2048
Adjusted dimension M: 2048
Dimension N: 2048
Adjusted dimension N: 2048
Dimension K: 256
Adjusted dimension K: 256
>>>> Begin of record <<<<
Block dimensions: 32x32
Grid dimensions : 64x64
GPU kernel version: coalesced_A
Checking ... FAILED!
Elapsed time: 1741.309448 ms
Performance:  123.325791 Gflop/s
>>>> End of record <<<<
Dimension M: 2048
Adjusted dimension M: 2048
Dimension N: 2048
Adjusted dimension N: 2048
Dimension K: 512
Adjusted dimension K: 512
>>>> Begin of record <<<<
Block dimensions: 32x32
Grid dimensions : 64x64
GPU kernel version: coalesced_A
Checking ... FAILED!
Elapsed time: 3450.420166 ms
Performance:  124.476646 Gflop/s
>>>> End of record <<<<
Dimension M: 2048
Adjusted dimension M: 2048
Dimension N: 2048
Adjusted dimension N: 2048
Dimension K: 1024
Adjusted dimension K: 1024
>>>> Begin of record <<<<
Block dimensions: 32x32
Grid dimensions : 64x64
GPU kernel version: coalesced_A
Checking ... FAILED!
Elapsed time: 6860.517578 ms
Performance:  125.208259 Gflop/s
>>>> End of record <<<<
Dimension M: 2048
Adjusted dimension M: 2048
Dimension N: 2048
Adjusted dimension N: 2048
Dimension K: 2048
Adjusted dimension K: 2048
>>>> Begin of record <<<<
Block dimensions: 32x32
Grid dimensions : 64x64
GPU kernel version: coalesced_A
Checking ... FAILED!
Elapsed time: 13678.451172 ms
Performance:  125.598059 Gflop/s
>>>> End of record <<<<
Dimension M: 256
Adjusted dimension M: 256
Dimension N: 256
Adjusted dimension N: 256
Dimension K: 256
Adjusted dimension K: 256
>>>> Begin of record <<<<
Block dimensions: 32x32
Grid dimensions : 8x8
GPU kernel version: reduced_global
Checking ... PASSED!
Elapsed time: 11.730912 ms
Performance:  286.034295 Gflop/s
>>>> End of record <<<<
Dimension M: 256
Adjusted dimension M: 256
Dimension N: 256
Adjusted dimension N: 256
Dimension K: 512
Adjusted dimension K: 512
>>>> Begin of record <<<<
Block dimensions: 32x32
Grid dimensions : 8x8
GPU kernel version: reduced_global
Checking ... PASSED!
Elapsed time: 22.768608 ms
Performance:  294.742936 Gflop/s
>>>> End of record <<<<
Dimension M: 256
Adjusted dimension M: 256
Dimension N: 256
Adjusted dimension N: 256
Dimension K: 1024
Adjusted dimension K: 1024
>>>> Begin of record <<<<
Block dimensions: 32x32
Grid dimensions : 8x8
GPU kernel version: reduced_global
Checking ... FAILED!
Elapsed time: 44.673950 ms
Performance:  300.438460 Gflop/s
>>>> End of record <<<<
Dimension M: 256
Adjusted dimension M: 256
Dimension N: 256
Adjusted dimension N: 256
Dimension K: 2048
Adjusted dimension K: 2048
>>>> Begin of record <<<<
Block dimensions: 32x32
Grid dimensions : 8x8
GPU kernel version: reduced_global
Checking ... FAILED!
Elapsed time: 88.705757 ms
Performance:  302.613342 Gflop/s
>>>> End of record <<<<
Dimension M: 256
Adjusted dimension M: 256
Dimension N: 512
Adjusted dimension N: 512
Dimension K: 256
Adjusted dimension K: 256
>>>> Begin of record <<<<
Block dimensions: 32x32
Grid dimensions : 16x8
GPU kernel version: reduced_global
Checking ... PASSED!
Elapsed time: 20.475679 ms
Performance:  327.749144 Gflop/s
>>>> End of record <<<<
Dimension M: 256
Adjusted dimension M: 256
Dimension N: 512
Adjusted dimension N: 512
Dimension K: 512
Adjusted dimension K: 512
>>>> Begin of record <<<<
Block dimensions: 32x32
Grid dimensions : 16x8
GPU kernel version: reduced_global
Checking ... FAILED!
Elapsed time: 41.439903 ms
Performance:  323.885235 Gflop/s
>>>> End of record <<<<
Dimension M: 256
Adjusted dimension M: 256
Dimension N: 512
Adjusted dimension N: 512
Dimension K: 1024
Adjusted dimension K: 1024
>>>> Begin of record <<<<
Block dimensions: 32x32
Grid dimensions : 16x8
GPU kernel version: reduced_global
Checking ... FAILED!
Elapsed time: 81.112579 ms
Performance:  330.941832 Gflop/s
>>>> End of record <<<<
Dimension M: 256
Adjusted dimension M: 256
Dimension N: 512
Adjusted dimension N: 512
Dimension K: 2048
Adjusted dimension K: 2048
>>>> Begin of record <<<<
Block dimensions: 32x32
Grid dimensions : 16x8
GPU kernel version: reduced_global
Checking ... FAILED!
Elapsed time: 158.134338 ms
Performance:  339.503056 Gflop/s
>>>> End of record <<<<
Dimension M: 256
Adjusted dimension M: 256
Dimension N: 1024
Adjusted dimension N: 1024
Dimension K: 256
Adjusted dimension K: 256
>>>> Begin of record <<<<
Block dimensions: 32x32
Grid dimensions : 32x8
GPU kernel version: reduced_global
Checking ... PASSED!
Elapsed time: 39.460991 ms
Performance:  340.127617 Gflop/s
>>>> End of record <<<<
Dimension M: 256
Adjusted dimension M: 256
Dimension N: 1024
Adjusted dimension N: 1024
Dimension K: 512
Adjusted dimension K: 512
>>>> Begin of record <<<<
Block dimensions: 32x32
Grid dimensions : 32x8
GPU kernel version: reduced_global
Checking ... PASSED!
Elapsed time: 78.059647 ms
Performance:  343.885052 Gflop/s
>>>> End of record <<<<
Dimension M: 256
Adjusted dimension M: 256
Dimension N: 1024
Adjusted dimension N: 1024
Dimension K: 1024
Adjusted dimension K: 1024
>>>> Begin of record <<<<
Block dimensions: 32x32
Grid dimensions : 32x8
GPU kernel version: reduced_global
Checking ... FAILED!
Elapsed time: 157.165176 ms
Performance:  341.596608 Gflop/s
>>>> End of record <<<<
Dimension M: 256
Adjusted dimension M: 256
Dimension N: 1024
Adjusted dimension N: 1024
Dimension K: 2048
Adjusted dimension K: 2048
>>>> Begin of record <<<<
Block dimensions: 32x32
Grid dimensions : 32x8
GPU kernel version: reduced_global
Checking ... FAILED!
Elapsed time: 308.639801 ms
Performance:  347.894802 Gflop/s
>>>> End of record <<<<
Dimension M: 256
Adjusted dimension M: 256
Dimension N: 2048
Adjusted dimension N: 2048
Dimension K: 256
Adjusted dimension K: 256
>>>> Begin of record <<<<
Block dimensions: 32x32
Grid dimensions : 64x8
GPU kernel version: reduced_global
Checking ... PASSED!
Elapsed time: 76.699135 ms
Performance:  349.984986 Gflop/s
>>>> End of record <<<<
Dimension M: 256
Adjusted dimension M: 256
Dimension N: 2048
Adjusted dimension N: 2048
Dimension K: 512
Adjusted dimension K: 512
>>>> Begin of record <<<<
Block dimensions: 32x32
Grid dimensions : 64x8
GPU kernel version: reduced_global
Checking ... FAILED!
Elapsed time: 152.469086 ms
Performance:  352.117880 Gflop/s
>>>> End of record <<<<
Dimension M: 256
Adjusted dimension M: 256
Dimension N: 2048
Adjusted dimension N: 2048
Dimension K: 1024
Adjusted dimension K: 1024
>>>> Begin of record <<<<
Block dimensions: 32x32
Grid dimensions : 64x8
GPU kernel version: reduced_global
Checking ... FAILED!
Elapsed time: 300.550720 ms
Performance:  357.258110 Gflop/s
>>>> End of record <<<<
Dimension M: 256
Adjusted dimension M: 256
Dimension N: 2048
Adjusted dimension N: 2048
Dimension K: 2048
Adjusted dimension K: 2048
>>>> Begin of record <<<<
Block dimensions: 32x32
Grid dimensions : 64x8
GPU kernel version: reduced_global
Checking ... FAILED!
Elapsed time: 599.599792 ms
Performance:  358.152834 Gflop/s
>>>> End of record <<<<
Dimension M: 512
Adjusted dimension M: 512
Dimension N: 256
Adjusted dimension N: 256
Dimension K: 256
Adjusted dimension K: 256
>>>> Begin of record <<<<
Block dimensions: 32x32
Grid dimensions : 8x16
GPU kernel version: reduced_global
Checking ... PASSED!
Elapsed time: 20.620159 ms
Performance:  325.452697 Gflop/s
>>>> End of record <<<<
Dimension M: 512
Adjusted dimension M: 512
Dimension N: 256
Adjusted dimension N: 256
Dimension K: 512
Adjusted dimension K: 512
>>>> Begin of record <<<<
Block dimensions: 32x32
Grid dimensions : 8x16
GPU kernel version: reduced_global
Checking ... FAILED!
Elapsed time: 41.201984 ms
Performance:  325.755494 Gflop/s
>>>> End of record <<<<
Dimension M: 512
Adjusted dimension M: 512
Dimension N: 256
Adjusted dimension N: 256
Dimension K: 1024
Adjusted dimension K: 1024
>>>> Begin of record <<<<
Block dimensions: 32x32
Grid dimensions : 8x16
GPU kernel version: reduced_global
Checking ... FAILED!
Elapsed time: 79.509315 ms
Performance:  337.615101 Gflop/s
>>>> End of record <<<<
Dimension M: 512
Adjusted dimension M: 512
Dimension N: 256
Adjusted dimension N: 256
Dimension K: 2048
Adjusted dimension K: 2048
>>>> Begin of record <<<<
Block dimensions: 32x32
Grid dimensions : 8x16
GPU kernel version: reduced_global
Checking ... FAILED!
Elapsed time: 157.922821 ms
Performance:  339.957777 Gflop/s
>>>> End of record <<<<
Dimension M: 512
Adjusted dimension M: 512
Dimension N: 512
Adjusted dimension N: 512
Dimension K: 256
Adjusted dimension K: 256
>>>> Begin of record <<<<
Block dimensions: 32x32
Grid dimensions : 16x16
GPU kernel version: reduced_global
Checking ... PASSED!
Elapsed time: 39.435806 ms
Performance:  340.344830 Gflop/s
>>>> End of record <<<<
Dimension M: 512
Adjusted dimension M: 512
Dimension N: 512
Adjusted dimension N: 512
Dimension K: 512
Adjusted dimension K: 512
>>>> Begin of record <<<<
Block dimensions: 32x32
Grid dimensions : 16x16
GPU kernel version: reduced_global
Checking ... FAILED!
Elapsed time: 77.218620 ms
Performance:  347.630474 Gflop/s
>>>> End of record <<<<
Dimension M: 512
Adjusted dimension M: 512
Dimension N: 512
Adjusted dimension N: 512
Dimension K: 1024
Adjusted dimension K: 1024
>>>> Begin of record <<<<
Block dimensions: 32x32
Grid dimensions : 16x16
GPU kernel version: reduced_global
Checking ... FAILED!
Elapsed time: 154.118118 ms
Performance:  348.350290 Gflop/s
>>>> End of record <<<<
Dimension M: 512
Adjusted dimension M: 512
Dimension N: 512
Adjusted dimension N: 512
Dimension K: 2048
Adjusted dimension K: 2048
>>>> Begin of record <<<<
Block dimensions: 32x32
Grid dimensions : 16x16
GPU kernel version: reduced_global
Checking ... FAILED!
Elapsed time: 307.558258 ms
Performance:  349.118190 Gflop/s
>>>> End of record <<<<
Dimension M: 512
Adjusted dimension M: 512
Dimension N: 1024
Adjusted dimension N: 1024
Dimension K: 256
Adjusted dimension K: 256
>>>> Begin of record <<<<
Block dimensions: 32x32
Grid dimensions : 32x16
GPU kernel version: reduced_global
Checking ... PASSED!
Elapsed time: 76.370659 ms
Performance:  351.490297 Gflop/s
>>>> End of record <<<<
Dimension M: 512
Adjusted dimension M: 512
Dimension N: 1024
Adjusted dimension N: 1024
Dimension K: 512
Adjusted dimension K: 512
>>>> Begin of record <<<<
Block dimensions: 32x32
Grid dimensions : 32x16
GPU kernel version: reduced_global
Checking ... FAILED!
Elapsed time: 154.158524 ms
Performance:  348.258987 Gflop/s
>>>> End of record <<<<
Dimension M: 512
Adjusted dimension M: 512
Dimension N: 1024
Adjusted dimension N: 1024
Dimension K: 1024
Adjusted dimension K: 1024
>>>> Begin of record <<<<
Block dimensions: 32x32
Grid dimensions : 32x16
GPU kernel version: reduced_global
Checking ... FAILED!
Elapsed time: 300.766418 ms
Performance:  357.001899 Gflop/s
>>>> End of record <<<<
Dimension M: 512
Adjusted dimension M: 512
Dimension N: 1024
Adjusted dimension N: 1024
Dimension K: 2048
Adjusted dimension K: 2048
>>>> Begin of record <<<<
Block dimensions: 32x32
Grid dimensions : 32x16
GPU kernel version: reduced_global
Checking ... FAILED!
Elapsed time: 608.973755 ms
Performance:  352.639770 Gflop/s
>>>> End of record <<<<
Dimension M: 512
Adjusted dimension M: 512
Dimension N: 2048
Adjusted dimension N: 2048
Dimension K: 256
Adjusted dimension K: 256
>>>> Begin of record <<<<
Block dimensions: 32x32
Grid dimensions : 64x16
GPU kernel version: reduced_global
Checking ... PASSED!
Elapsed time: 151.822876 ms
Performance:  353.616613 Gflop/s
>>>> End of record <<<<
Dimension M: 512
Adjusted dimension M: 512
Dimension N: 2048
Adjusted dimension N: 2048
Dimension K: 512
Adjusted dimension K: 512
>>>> Begin of record <<<<
Block dimensions: 32x32
Grid dimensions : 64x16
GPU kernel version: reduced_global
Checking ... FAILED!
Elapsed time: 300.519745 ms
Performance:  357.294934 Gflop/s
>>>> End of record <<<<
Dimension M: 512
Adjusted dimension M: 512
Dimension N: 2048
Adjusted dimension N: 2048
Dimension K: 1024
Adjusted dimension K: 1024
>>>> Begin of record <<<<
Block dimensions: 32x32
Grid dimensions : 64x16
GPU kernel version: reduced_global
Checking ... FAILED!
Elapsed time: 594.181702 ms
Performance:  361.418677 Gflop/s
>>>> End of record <<<<
Dimension M: 512
Adjusted dimension M: 512
Dimension N: 2048
Adjusted dimension N: 2048
Dimension K: 2048
Adjusted dimension K: 2048
>>>> Begin of record <<<<
Block dimensions: 32x32
Grid dimensions : 64x16
GPU kernel version: reduced_global
Checking ... FAILED!
Elapsed time: 1183.286255 ms
Performance:  362.969423 Gflop/s
>>>> End of record <<<<
Dimension M: 1024
Adjusted dimension M: 1024
Dimension N: 256
Adjusted dimension N: 256
Dimension K: 256
Adjusted dimension K: 256
>>>> Begin of record <<<<
Block dimensions: 32x32
Grid dimensions : 8x32
GPU kernel version: reduced_global
Checking ... PASSED!
Elapsed time: 39.411392 ms
Performance:  340.555663 Gflop/s
>>>> End of record <<<<
Dimension M: 1024
Adjusted dimension M: 1024
Dimension N: 256
Adjusted dimension N: 256
Dimension K: 512
Adjusted dimension K: 512
>>>> Begin of record <<<<
Block dimensions: 32x32
Grid dimensions : 8x32
GPU kernel version: reduced_global
Checking ... PASSED!
Elapsed time: 78.318077 ms
Performance:  342.750315 Gflop/s
>>>> End of record <<<<
Dimension M: 1024
Adjusted dimension M: 1024
Dimension N: 256
Adjusted dimension N: 256
Dimension K: 1024
Adjusted dimension K: 1024
>>>> Begin of record <<<<
Block dimensions: 32x32
Grid dimensions : 8x32
GPU kernel version: reduced_global
Checking ... FAILED!
Elapsed time: 153.337189 ms
Performance:  350.124400 Gflop/s
>>>> End of record <<<<
Dimension M: 1024
Adjusted dimension M: 1024
Dimension N: 256
Adjusted dimension N: 256
Dimension K: 2048
Adjusted dimension K: 2048
>>>> Begin of record <<<<
Block dimensions: 32x32
Grid dimensions : 8x32
GPU kernel version: reduced_global
Checking ... FAILED!
Elapsed time: 305.578217 ms
Performance:  351.380356 Gflop/s
>>>> End of record <<<<
Dimension M: 1024
Adjusted dimension M: 1024
Dimension N: 512
Adjusted dimension N: 512
Dimension K: 256
Adjusted dimension K: 256
>>>> Begin of record <<<<
Block dimensions: 32x32
Grid dimensions : 16x32
GPU kernel version: reduced_global
Checking ... PASSED!
Elapsed time: 76.361122 ms
Performance:  351.534195 Gflop/s
>>>> End of record <<<<
Dimension M: 1024
Adjusted dimension M: 1024
Dimension N: 512
Adjusted dimension N: 512
Dimension K: 512
Adjusted dimension K: 512
>>>> Begin of record <<<<
Block dimensions: 32x32
Grid dimensions : 16x32
GPU kernel version: reduced_global
Checking ... FAILED!
Elapsed time: 150.191589 ms
Performance:  357.457374 Gflop/s
>>>> End of record <<<<
Dimension M: 1024
Adjusted dimension M: 1024
Dimension N: 512
Adjusted dimension N: 512
Dimension K: 1024
Adjusted dimension K: 1024
>>>> Begin of record <<<<
Block dimensions: 32x32
Grid dimensions : 16x32
GPU kernel version: reduced_global
Checking ... FAILED!
Elapsed time: 299.601044 ms
Performance:  358.390549 Gflop/s
>>>> End of record <<<<
Dimension M: 1024
Adjusted dimension M: 1024
Dimension N: 512
Adjusted dimension N: 512
Dimension K: 2048
Adjusted dimension K: 2048
>>>> Begin of record <<<<
Block dimensions: 32x32
Grid dimensions : 16x32
GPU kernel version: reduced_global
Checking ... FAILED!
Elapsed time: 598.260315 ms
Performance:  358.954722 Gflop/s
>>>> End of record <<<<
Dimension M: 1024
Adjusted dimension M: 1024
Dimension N: 1024
Adjusted dimension N: 1024
Dimension K: 256
Adjusted dimension K: 256
>>>> Begin of record <<<<
Block dimensions: 32x32
Grid dimensions : 32x32
GPU kernel version: reduced_global
Checking ... PASSED!
Elapsed time: 150.401657 ms
Performance:  356.958110 Gflop/s
>>>> End of record <<<<
Dimension M: 1024
Adjusted dimension M: 1024
Dimension N: 1024
Adjusted dimension N: 1024
Dimension K: 512
Adjusted dimension K: 512
>>>> Begin of record <<<<
Block dimensions: 32x32
Grid dimensions : 32x32
GPU kernel version: reduced_global
Checking ... FAILED!
Elapsed time: 300.439545 ms
Performance:  357.390311 Gflop/s
>>>> End of record <<<<
Dimension M: 1024
Adjusted dimension M: 1024
Dimension N: 1024
Adjusted dimension N: 1024
Dimension K: 1024
Adjusted dimension K: 1024
>>>> Begin of record <<<<
Block dimensions: 32x32
Grid dimensions : 32x32
GPU kernel version: reduced_global
Checking ... FAILED!
Elapsed time: 594.006531 ms
Performance:  361.525259 Gflop/s
>>>> End of record <<<<
Dimension M: 1024
Adjusted dimension M: 1024
Dimension N: 1024
Adjusted dimension N: 1024
Dimension K: 2048
Adjusted dimension K: 2048
>>>> Begin of record <<<<
Block dimensions: 32x32
Grid dimensions : 32x32
GPU kernel version: reduced_global
Checking ... FAILED!
Elapsed time: 1182.979980 ms
Performance:  363.063396 Gflop/s
>>>> End of record <<<<
Dimension M: 1024
Adjusted dimension M: 1024
Dimension N: 2048
Adjusted dimension N: 2048
Dimension K: 256
Adjusted dimension K: 256
>>>> Begin of record <<<<
Block dimensions: 32x32
Grid dimensions : 64x32
GPU kernel version: reduced_global
Checking ... PASSED!
Elapsed time: 300.096466 ms
Performance:  357.798890 Gflop/s
>>>> End of record <<<<
Dimension M: 1024
Adjusted dimension M: 1024
Dimension N: 2048
Adjusted dimension N: 2048
Dimension K: 512
Adjusted dimension K: 512
>>>> Begin of record <<<<
Block dimensions: 32x32
Grid dimensions : 64x32
GPU kernel version: reduced_global
Checking ... FAILED!
Elapsed time: 594.113770 ms
Performance:  361.460003 Gflop/s
>>>> End of record <<<<
Dimension M: 1024
Adjusted dimension M: 1024
Dimension N: 2048
Adjusted dimension N: 2048
Dimension K: 1024
Adjusted dimension K: 1024
>>>> Begin of record <<<<
Block dimensions: 32x32
Grid dimensions : 64x32
GPU kernel version: reduced_global
Checking ... FAILED!
Elapsed time: 1179.301880 ms
Performance:  364.195747 Gflop/s
>>>> End of record <<<<
Dimension M: 1024
Adjusted dimension M: 1024
Dimension N: 2048
Adjusted dimension N: 2048
Dimension K: 2048
Adjusted dimension K: 2048
>>>> Begin of record <<<<
Block dimensions: 32x32
Grid dimensions : 64x32
GPU kernel version: reduced_global
Checking ... FAILED!
Elapsed time: 2390.608154 ms
Performance:  359.320057 Gflop/s
>>>> End of record <<<<
Dimension M: 2048
Adjusted dimension M: 2048
Dimension N: 256
Adjusted dimension N: 256
Dimension K: 256
Adjusted dimension K: 256
>>>> Begin of record <<<<
Block dimensions: 32x32
Grid dimensions : 8x64
GPU kernel version: reduced_global
Checking ... PASSED!
Elapsed time: 76.406013 ms
Performance:  351.327656 Gflop/s
>>>> End of record <<<<
Dimension M: 2048
Adjusted dimension M: 2048
Dimension N: 256
Adjusted dimension N: 256
Dimension K: 512
Adjusted dimension K: 512
>>>> Begin of record <<<<
Block dimensions: 32x32
Grid dimensions : 8x64
GPU kernel version: reduced_global
Checking ... FAILED!
Elapsed time: 150.058456 ms
Performance:  357.774513 Gflop/s
>>>> End of record <<<<
Dimension M: 2048
Adjusted dimension M: 2048
Dimension N: 256
Adjusted dimension N: 256
Dimension K: 1024
Adjusted dimension K: 1024
>>>> Begin of record <<<<
Block dimensions: 32x32
Grid dimensions : 8x64
GPU kernel version: reduced_global
Checking ... FAILED!
Elapsed time: 298.148956 ms
Performance:  360.136033 Gflop/s
>>>> End of record <<<<
Dimension M: 2048
Adjusted dimension M: 2048
Dimension N: 256
Adjusted dimension N: 256
Dimension K: 2048
Adjusted dimension K: 2048
>>>> Begin of record <<<<
Block dimensions: 32x32
Grid dimensions : 8x64
GPU kernel version: reduced_global
Checking ... FAILED!
Elapsed time: 595.643677 ms
Performance:  360.531595 Gflop/s
>>>> End of record <<<<
Dimension M: 2048
Adjusted dimension M: 2048
Dimension N: 512
Adjusted dimension N: 512
Dimension K: 256
Adjusted dimension K: 256
>>>> Begin of record <<<<
Block dimensions: 32x32
Grid dimensions : 16x64
GPU kernel version: reduced_global
Checking ... PASSED!
Elapsed time: 150.484253 ms
Performance:  356.762187 Gflop/s
>>>> End of record <<<<
Dimension M: 2048
Adjusted dimension M: 2048
Dimension N: 512
Adjusted dimension N: 512
Dimension K: 512
Adjusted dimension K: 512
>>>> Begin of record <<<<
Block dimensions: 32x32
Grid dimensions : 16x64
GPU kernel version: reduced_global
Checking ... FAILED!
Elapsed time: 297.157745 ms
Performance:  361.337317 Gflop/s
>>>> End of record <<<<
Dimension M: 2048
Adjusted dimension M: 2048
Dimension N: 512
Adjusted dimension N: 512
Dimension K: 1024
Adjusted dimension K: 1024
>>>> Begin of record <<<<
Block dimensions: 32x32
Grid dimensions : 16x64
GPU kernel version: reduced_global
Checking ... FAILED!
Elapsed time: 589.998962 ms
Performance:  363.980919 Gflop/s
>>>> End of record <<<<
Dimension M: 2048
Adjusted dimension M: 2048
Dimension N: 512
Adjusted dimension N: 512
Dimension K: 2048
Adjusted dimension K: 2048
>>>> Begin of record <<<<
Block dimensions: 32x32
Grid dimensions : 16x64
GPU kernel version: reduced_global
Checking ... FAILED!
Elapsed time: 1180.866577 ms
Performance:  363.713173 Gflop/s
>>>> End of record <<<<
Dimension M: 2048
Adjusted dimension M: 2048
Dimension N: 1024
Adjusted dimension N: 1024
Dimension K: 256
Adjusted dimension K: 256
>>>> Begin of record <<<<
Block dimensions: 32x32
Grid dimensions : 32x64
GPU kernel version: reduced_global
Checking ... PASSED!
Elapsed time: 299.536072 ms
Performance:  358.468287 Gflop/s
>>>> End of record <<<<
Dimension M: 2048
Adjusted dimension M: 2048
Dimension N: 1024
Adjusted dimension N: 1024
Dimension K: 512
Adjusted dimension K: 512
>>>> Begin of record <<<<
Block dimensions: 32x32
Grid dimensions : 32x64
GPU kernel version: reduced_global
Checking ... FAILED!
Elapsed time: 593.953064 ms
Performance:  361.557803 Gflop/s
>>>> End of record <<<<
Dimension M: 2048
Adjusted dimension M: 2048
Dimension N: 1024
Adjusted dimension N: 1024
Dimension K: 1024
Adjusted dimension K: 1024
>>>> Begin of record <<<<
Block dimensions: 32x32
Grid dimensions : 32x64
GPU kernel version: reduced_global
Checking ... FAILED!
Elapsed time: 1180.706543 ms
Performance:  363.762471 Gflop/s
>>>> End of record <<<<
Dimension M: 2048
Adjusted dimension M: 2048
Dimension N: 1024
Adjusted dimension N: 1024
Dimension K: 2048
Adjusted dimension K: 2048
>>>> Begin of record <<<<
Block dimensions: 32x32
Grid dimensions : 32x64
GPU kernel version: reduced_global
Checking ... FAILED!
Elapsed time: 2354.525146 ms
Performance:  364.826624 Gflop/s
>>>> End of record <<<<
Dimension M: 2048
Adjusted dimension M: 2048
Dimension N: 2048
Adjusted dimension N: 2048
Dimension K: 256
Adjusted dimension K: 256
>>>> Begin of record <<<<
Block dimensions: 32x32
Grid dimensions : 64x64
GPU kernel version: reduced_global
Checking ... FAILED!
Elapsed time: 598.744568 ms
Performance:  358.664406 Gflop/s
>>>> End of record <<<<
Dimension M: 2048
Adjusted dimension M: 2048
Dimension N: 2048
Adjusted dimension N: 2048
Dimension K: 512
Adjusted dimension K: 512
>>>> Begin of record <<<<
Block dimensions: 32x32
Grid dimensions : 64x64
GPU kernel version: reduced_global
Checking ... FAILED!
Elapsed time: 1185.595581 ms
Performance:  362.262424 Gflop/s
>>>> End of record <<<<
Dimension M: 2048
Adjusted dimension M: 2048
Dimension N: 2048
Adjusted dimension N: 2048
Dimension K: 1024
Adjusted dimension K: 1024
>>>> Begin of record <<<<
Block dimensions: 32x32
Grid dimensions : 64x64
GPU kernel version: reduced_global
Checking ... FAILED!
Elapsed time: 2354.092529 ms
Performance:  364.893669 Gflop/s
>>>> End of record <<<<
Dimension M: 2048
Adjusted dimension M: 2048
Dimension N: 2048
Adjusted dimension N: 2048
Dimension K: 2048
Adjusted dimension K: 2048
>>>> Begin of record <<<<
Block dimensions: 32x32
Grid dimensions : 64x64
GPU kernel version: reduced_global
Checking ... FAILED!
Elapsed time: 4697.697266 ms
Performance:  365.708308 Gflop/s
>>>> End of record <<<<
Benchmark ended on Mon Feb 28 11:27:35 EET 2022 in dungani
