Benchmark started on Wed Mar  2 00:38:21 EET 2022 in dungani
Dimension M: 256
Adjusted dimension M: 256
Dimension N: 256
Adjusted dimension N: 256
Dimension K: 256
Adjusted dimension K: 256
>>>> Begin of record <<<<
Block dimensions: 32x32
Grid dimensions : 8x8
GPU kernel version: cublas
Elapsed time: 2322.577148 ms
Performance:  1.444707 Gflop/s
>>>> End of record <<<<
Dimension M: 256
Adjusted dimension M: 256
Dimension N: 256
Adjusted dimension N: 256
Dimension K: 512
Adjusted dimension K: 512
>>>> Begin of record <<<<
Block dimensions: 32x32
Grid dimensions : 8x8
GPU kernel version: cublas
Elapsed time: 152.529312 ms
Performance:  43.997356 Gflop/s
>>>> End of record <<<<
Dimension M: 256
Adjusted dimension M: 256
Dimension N: 256
Adjusted dimension N: 256
Dimension K: 1024
Adjusted dimension K: 1024
>>>> Begin of record <<<<
Block dimensions: 32x32
Grid dimensions : 8x8
GPU kernel version: cublas
Elapsed time: 151.838303 ms
Performance:  88.395172 Gflop/s
>>>> End of record <<<<
Dimension M: 256
Adjusted dimension M: 256
Dimension N: 256
Adjusted dimension N: 256
Dimension K: 2048
Adjusted dimension K: 2048
>>>> Begin of record <<<<
Block dimensions: 32x32
Grid dimensions : 8x8
GPU kernel version: cublas
Elapsed time: 180.644516 ms
Performance:  148.598730 Gflop/s
>>>> End of record <<<<
Dimension M: 256
Adjusted dimension M: 256
Dimension N: 512
Adjusted dimension N: 512
Dimension K: 256
Adjusted dimension K: 256
>>>> Begin of record <<<<
Block dimensions: 32x32
Grid dimensions : 16x8
GPU kernel version: cublas
Elapsed time: 141.945602 ms
Performance:  47.277875 Gflop/s
>>>> End of record <<<<
Dimension M: 256
Adjusted dimension M: 256
Dimension N: 512
Adjusted dimension N: 512
Dimension K: 512
Adjusted dimension K: 512
>>>> Begin of record <<<<
Block dimensions: 32x32
Grid dimensions : 16x8
GPU kernel version: cublas
Elapsed time: 147.294495 ms
Performance:  91.122026 Gflop/s
>>>> End of record <<<<
Dimension M: 256
Adjusted dimension M: 256
Dimension N: 512
Adjusted dimension N: 512
Dimension K: 1024
Adjusted dimension K: 1024
>>>> Begin of record <<<<
Block dimensions: 32x32
Grid dimensions : 16x8
GPU kernel version: cublas
Elapsed time: 159.103806 ms
Performance:  168.717181 Gflop/s
>>>> End of record <<<<
Dimension M: 256
Adjusted dimension M: 256
Dimension N: 512
Adjusted dimension N: 512
Dimension K: 2048
Adjusted dimension K: 2048
>>>> Begin of record <<<<
Block dimensions: 32x32
Grid dimensions : 16x8
GPU kernel version: cublas
Elapsed time: 176.915802 ms
Performance:  303.461254 Gflop/s
>>>> End of record <<<<
Dimension M: 256
Adjusted dimension M: 256
Dimension N: 1024
Adjusted dimension N: 1024
Dimension K: 256
Adjusted dimension K: 256
>>>> Begin of record <<<<
Block dimensions: 32x32
Grid dimensions : 32x8
GPU kernel version: cublas
Elapsed time: 155.666458 ms
Performance:  86.221354 Gflop/s
>>>> End of record <<<<
Dimension M: 256
Adjusted dimension M: 256
Dimension N: 1024
Adjusted dimension N: 1024
Dimension K: 512
Adjusted dimension K: 512
>>>> Begin of record <<<<
Block dimensions: 32x32
Grid dimensions : 32x8
GPU kernel version: cublas
Elapsed time: 158.992065 ms
Performance:  168.835756 Gflop/s
>>>> End of record <<<<
Dimension M: 256
Adjusted dimension M: 256
Dimension N: 1024
Adjusted dimension N: 1024
Dimension K: 1024
Adjusted dimension K: 1024
>>>> Begin of record <<<<
Block dimensions: 32x32
Grid dimensions : 32x8
GPU kernel version: cublas
Elapsed time: 186.443390 ms
Performance:  287.953846 Gflop/s
>>>> End of record <<<<
Dimension M: 256
Adjusted dimension M: 256
Dimension N: 1024
Adjusted dimension N: 1024
Dimension K: 2048
Adjusted dimension K: 2048
>>>> Begin of record <<<<
Block dimensions: 32x32
Grid dimensions : 32x8
GPU kernel version: cublas
Elapsed time: 218.189209 ms
Performance:  492.114999 Gflop/s
>>>> End of record <<<<
Dimension M: 256
Adjusted dimension M: 256
Dimension N: 2048
Adjusted dimension N: 2048
Dimension K: 256
Adjusted dimension K: 256
>>>> Begin of record <<<<
Block dimensions: 32x32
Grid dimensions : 64x8
GPU kernel version: cublas
Elapsed time: 168.437927 ms
Performance:  159.367584 Gflop/s
>>>> End of record <<<<
Dimension M: 256
Adjusted dimension M: 256
Dimension N: 2048
Adjusted dimension N: 2048
Dimension K: 512
Adjusted dimension K: 512
>>>> Begin of record <<<<
Block dimensions: 32x32
Grid dimensions : 64x8
GPU kernel version: cublas
Elapsed time: 174.547012 ms
Performance:  307.579548 Gflop/s
>>>> End of record <<<<
Dimension M: 256
Adjusted dimension M: 256
Dimension N: 2048
Adjusted dimension N: 2048
Dimension K: 1024
Adjusted dimension K: 1024
>>>> Begin of record <<<<
Block dimensions: 32x32
Grid dimensions : 64x8
GPU kernel version: cublas
Elapsed time: 207.742340 ms
Performance:  516.862294 Gflop/s
>>>> End of record <<<<
Dimension M: 256
Adjusted dimension M: 256
Dimension N: 2048
Adjusted dimension N: 2048
Dimension K: 2048
Adjusted dimension K: 2048
>>>> Begin of record <<<<
Block dimensions: 32x32
Grid dimensions : 64x8
GPU kernel version: cublas
Elapsed time: 253.179108 ms
Performance:  848.207290 Gflop/s
>>>> End of record <<<<
Dimension M: 512
Adjusted dimension M: 512
Dimension N: 256
Adjusted dimension N: 256
Dimension K: 256
Adjusted dimension K: 256
>>>> Begin of record <<<<
Block dimensions: 32x32
Grid dimensions : 8x16
GPU kernel version: cublas
Elapsed time: 142.958054 ms
Performance:  46.943045 Gflop/s
>>>> End of record <<<<
Dimension M: 512
Adjusted dimension M: 512
Dimension N: 256
Adjusted dimension N: 256
Dimension K: 512
Adjusted dimension K: 512
>>>> Begin of record <<<<
Block dimensions: 32x32
Grid dimensions : 8x16
GPU kernel version: cublas
Elapsed time: 155.290405 ms
Performance:  86.430149 Gflop/s
>>>> End of record <<<<
Dimension M: 512
Adjusted dimension M: 512
Dimension N: 256
Adjusted dimension N: 256
Dimension K: 1024
Adjusted dimension K: 1024
>>>> Begin of record <<<<
Block dimensions: 32x32
Grid dimensions : 8x16
GPU kernel version: cublas
Elapsed time: 168.609726 ms
Performance:  159.205203 Gflop/s
>>>> End of record <<<<
Dimension M: 512
Adjusted dimension M: 512
Dimension N: 256
Adjusted dimension N: 256
Dimension K: 2048
Adjusted dimension K: 2048
>>>> Begin of record <<<<
Block dimensions: 32x32
Grid dimensions : 8x16
GPU kernel version: cublas
Elapsed time: 183.178818 ms
Performance:  293.085695 Gflop/s
>>>> End of record <<<<
Dimension M: 512
Adjusted dimension M: 512
Dimension N: 512
Adjusted dimension N: 512
Dimension K: 256
Adjusted dimension K: 256
>>>> Begin of record <<<<
Block dimensions: 32x32
Grid dimensions : 16x16
GPU kernel version: cublas
Elapsed time: 157.795578 ms
Performance:  85.057978 Gflop/s
>>>> End of record <<<<
Dimension M: 512
Adjusted dimension M: 512
Dimension N: 512
Adjusted dimension N: 512
Dimension K: 512
Adjusted dimension K: 512
>>>> Begin of record <<<<
Block dimensions: 32x32
Grid dimensions : 16x16
GPU kernel version: cublas
Elapsed time: 165.793762 ms
Performance:  161.909261 Gflop/s
>>>> End of record <<<<
Dimension M: 512
Adjusted dimension M: 512
Dimension N: 512
Adjusted dimension N: 512
Dimension K: 1024
Adjusted dimension K: 1024
>>>> Begin of record <<<<
Block dimensions: 32x32
Grid dimensions : 16x16
GPU kernel version: cublas
Elapsed time: 172.944092 ms
Performance:  310.430328 Gflop/s
>>>> End of record <<<<
Dimension M: 512
Adjusted dimension M: 512
Dimension N: 512
Adjusted dimension N: 512
Dimension K: 2048
Adjusted dimension K: 2048
>>>> Begin of record <<<<
Block dimensions: 32x32
Grid dimensions : 16x16
GPU kernel version: cublas
Elapsed time: 206.698685 ms
Performance:  519.472016 Gflop/s
>>>> End of record <<<<
Dimension M: 512
Adjusted dimension M: 512
Dimension N: 1024
Adjusted dimension N: 1024
Dimension K: 256
Adjusted dimension K: 256
>>>> Begin of record <<<<
Block dimensions: 32x32
Grid dimensions : 32x16
GPU kernel version: cublas
Elapsed time: 166.808731 ms
Performance:  160.924104 Gflop/s
>>>> End of record <<<<
Dimension M: 512
Adjusted dimension M: 512
Dimension N: 1024
Adjusted dimension N: 1024
Dimension K: 512
Adjusted dimension K: 512
>>>> Begin of record <<<<
Block dimensions: 32x32
Grid dimensions : 32x16
GPU kernel version: cublas
Elapsed time: 181.922562 ms
Performance:  295.109582 Gflop/s
>>>> End of record <<<<
Dimension M: 512
Adjusted dimension M: 512
Dimension N: 1024
Adjusted dimension N: 1024
Dimension K: 1024
Adjusted dimension K: 1024
>>>> Begin of record <<<<
Block dimensions: 32x32
Grid dimensions : 32x16
GPU kernel version: cublas
Elapsed time: 203.392609 ms
Performance:  527.915853 Gflop/s
>>>> End of record <<<<
Dimension M: 512
Adjusted dimension M: 512
Dimension N: 1024
Adjusted dimension N: 1024
Dimension K: 2048
Adjusted dimension K: 2048
>>>> Begin of record <<<<
Block dimensions: 32x32
Grid dimensions : 32x16
GPU kernel version: cublas
Elapsed time: 259.624573 ms
Performance:  827.149613 Gflop/s
>>>> End of record <<<<
Dimension M: 512
Adjusted dimension M: 512
Dimension N: 2048
Adjusted dimension N: 2048
Dimension K: 256
Adjusted dimension K: 256
>>>> Begin of record <<<<
Block dimensions: 32x32
Grid dimensions : 64x16
GPU kernel version: cublas
Elapsed time: 173.934113 ms
Performance:  308.663381 Gflop/s
>>>> End of record <<<<
Dimension M: 512
Adjusted dimension M: 512
Dimension N: 2048
Adjusted dimension N: 2048
Dimension K: 512
Adjusted dimension K: 512
>>>> Begin of record <<<<
Block dimensions: 32x32
Grid dimensions : 64x16
GPU kernel version: cublas
Elapsed time: 210.020538 ms
Performance:  511.255629 Gflop/s
>>>> End of record <<<<
Dimension M: 512
Adjusted dimension M: 512
Dimension N: 2048
Adjusted dimension N: 2048
Dimension K: 1024
Adjusted dimension K: 1024
>>>> Begin of record <<<<
Block dimensions: 32x32
Grid dimensions : 64x16
GPU kernel version: cublas
Elapsed time: 254.907578 ms
Performance:  842.455791 Gflop/s
>>>> End of record <<<<
Dimension M: 512
Adjusted dimension M: 512
Dimension N: 2048
Adjusted dimension N: 2048
Dimension K: 2048
Adjusted dimension K: 2048
>>>> Begin of record <<<<
Block dimensions: 32x32
Grid dimensions : 64x16
GPU kernel version: cublas
Elapsed time: 338.413605 ms
Performance:  1269.147350 Gflop/s
>>>> End of record <<<<
Dimension M: 1024
Adjusted dimension M: 1024
Dimension N: 256
Adjusted dimension N: 256
Dimension K: 256
Adjusted dimension K: 256
>>>> Begin of record <<<<
Block dimensions: 32x32
Grid dimensions : 8x32
GPU kernel version: cublas
Elapsed time: 157.461700 ms
Performance:  85.238333 Gflop/s
>>>> End of record <<<<
Dimension M: 1024
Adjusted dimension M: 1024
Dimension N: 256
Adjusted dimension N: 256
Dimension K: 512
Adjusted dimension K: 512
>>>> Begin of record <<<<
Block dimensions: 32x32
Grid dimensions : 8x32
GPU kernel version: cublas
Elapsed time: 157.092743 ms
Performance:  170.877057 Gflop/s
>>>> End of record <<<<
Dimension M: 1024
Adjusted dimension M: 1024
Dimension N: 256
Adjusted dimension N: 256
Dimension K: 1024
Adjusted dimension K: 1024
>>>> Begin of record <<<<
Block dimensions: 32x32
Grid dimensions : 8x32
GPU kernel version: cublas
Elapsed time: 183.467773 ms
Performance:  292.624095 Gflop/s
>>>> End of record <<<<
Dimension M: 1024
Adjusted dimension M: 1024
Dimension N: 256
Adjusted dimension N: 256
Dimension K: 2048
Adjusted dimension K: 2048
>>>> Begin of record <<<<
Block dimensions: 32x32
Grid dimensions : 8x32
GPU kernel version: cublas
Elapsed time: 210.458176 ms
Performance:  510.192498 Gflop/s
>>>> End of record <<<<
Dimension M: 1024
Adjusted dimension M: 1024
Dimension N: 512
Adjusted dimension N: 512
Dimension K: 256
Adjusted dimension K: 256
>>>> Begin of record <<<<
Block dimensions: 32x32
Grid dimensions : 16x32
GPU kernel version: cublas
Elapsed time: 159.066116 ms
Performance:  168.757157 Gflop/s
>>>> End of record <<<<
Dimension M: 1024
Adjusted dimension M: 1024
Dimension N: 512
Adjusted dimension N: 512
Dimension K: 512
Adjusted dimension K: 512
>>>> Begin of record <<<<
Block dimensions: 32x32
Grid dimensions : 16x32
GPU kernel version: cublas
Elapsed time: 182.488129 ms
Performance:  294.194979 Gflop/s
>>>> End of record <<<<
Dimension M: 1024
Adjusted dimension M: 1024
Dimension N: 512
Adjusted dimension N: 512
Dimension K: 1024
Adjusted dimension K: 1024
>>>> Begin of record <<<<
Block dimensions: 32x32
Grid dimensions : 16x32
GPU kernel version: cublas
Elapsed time: 189.816833 ms
Performance:  565.672604 Gflop/s
>>>> End of record <<<<
Dimension M: 1024
Adjusted dimension M: 1024
Dimension N: 512
Adjusted dimension N: 512
Dimension K: 2048
Adjusted dimension K: 2048
>>>> Begin of record <<<<
Block dimensions: 32x32
Grid dimensions : 16x32
GPU kernel version: cublas
Elapsed time: 262.204620 ms
Performance:  819.010605 Gflop/s
>>>> End of record <<<<
Dimension M: 1024
Adjusted dimension M: 1024
Dimension N: 1024
Adjusted dimension N: 1024
Dimension K: 256
Adjusted dimension K: 256
>>>> Begin of record <<<<
Block dimensions: 32x32
Grid dimensions : 32x32
GPU kernel version: cublas
Elapsed time: 181.021851 ms
Performance:  296.577960 Gflop/s
>>>> End of record <<<<
Dimension M: 1024
Adjusted dimension M: 1024
Dimension N: 1024
Adjusted dimension N: 1024
Dimension K: 512
Adjusted dimension K: 512
>>>> Begin of record <<<<
Block dimensions: 32x32
Grid dimensions : 32x32
GPU kernel version: cublas
Elapsed time: 197.646881 ms
Performance:  543.262721 Gflop/s
>>>> End of record <<<<
Dimension M: 1024
Adjusted dimension M: 1024
Dimension N: 1024
Adjusted dimension N: 1024
Dimension K: 1024
Adjusted dimension K: 1024
>>>> Begin of record <<<<
Block dimensions: 32x32
Grid dimensions : 32x32
GPU kernel version: cublas
Elapsed time: 248.164261 ms
Performance:  865.347670 Gflop/s
>>>> End of record <<<<
Dimension M: 1024
Adjusted dimension M: 1024
Dimension N: 1024
Adjusted dimension N: 1024
Dimension K: 2048
Adjusted dimension K: 2048
>>>> Begin of record <<<<
Block dimensions: 32x32
Grid dimensions : 32x32
GPU kernel version: cublas
Elapsed time: 432.239777 ms
Performance:  993.653876 Gflop/s
>>>> End of record <<<<
Dimension M: 1024
Adjusted dimension M: 1024
Dimension N: 2048
Adjusted dimension N: 2048
Dimension K: 256
Adjusted dimension K: 256
>>>> Begin of record <<<<
Block dimensions: 32x32
Grid dimensions : 64x32
GPU kernel version: cublas
Elapsed time: 199.794556 ms
Performance:  537.422965 Gflop/s
>>>> End of record <<<<
Dimension M: 1024
Adjusted dimension M: 1024
Dimension N: 2048
Adjusted dimension N: 2048
Dimension K: 512
Adjusted dimension K: 512
>>>> Begin of record <<<<
Block dimensions: 32x32
Grid dimensions : 64x32
GPU kernel version: cublas
Elapsed time: 224.402756 ms
Performance:  956.977396 Gflop/s
>>>> End of record <<<<
Dimension M: 1024
Adjusted dimension M: 1024
Dimension N: 2048
Adjusted dimension N: 2048
Dimension K: 1024
Adjusted dimension K: 1024
>>>> Begin of record <<<<
Block dimensions: 32x32
Grid dimensions : 64x32
GPU kernel version: cublas
Elapsed time: 302.881012 ms
Performance:  1418.037819 Gflop/s
>>>> End of record <<<<
Dimension M: 1024
Adjusted dimension M: 1024
Dimension N: 2048
Adjusted dimension N: 2048
Dimension K: 2048
Adjusted dimension K: 2048
>>>> Begin of record <<<<
Block dimensions: 32x32
Grid dimensions : 64x32
GPU kernel version: cublas
Elapsed time: 450.356232 ms
Performance:  1907.364435 Gflop/s
>>>> End of record <<<<
Dimension M: 2048
Adjusted dimension M: 2048
Dimension N: 256
Adjusted dimension N: 256
Dimension K: 256
Adjusted dimension K: 256
>>>> Begin of record <<<<
Block dimensions: 32x32
Grid dimensions : 8x64
GPU kernel version: cublas
Elapsed time: 158.359619 ms
Performance:  169.510041 Gflop/s
>>>> End of record <<<<
Dimension M: 2048
Adjusted dimension M: 2048
Dimension N: 256
Adjusted dimension N: 256
Dimension K: 512
Adjusted dimension K: 512
>>>> Begin of record <<<<
Block dimensions: 32x32
Grid dimensions : 8x64
GPU kernel version: cublas
Elapsed time: 173.264679 ms
Performance:  309.855947 Gflop/s
>>>> End of record <<<<
Dimension M: 2048
Adjusted dimension M: 2048
Dimension N: 256
Adjusted dimension N: 256
Dimension K: 1024
Adjusted dimension K: 1024
>>>> Begin of record <<<<
Block dimensions: 32x32
Grid dimensions : 8x64
GPU kernel version: cublas
Elapsed time: 205.726532 ms
Performance:  521.926761 Gflop/s
>>>> End of record <<<<
Dimension M: 2048
Adjusted dimension M: 2048
Dimension N: 256
Adjusted dimension N: 256
Dimension K: 2048
Adjusted dimension K: 2048
>>>> Begin of record <<<<
Block dimensions: 32x32
Grid dimensions : 8x64
GPU kernel version: cublas
Elapsed time: 255.228546 ms
Performance:  841.396341 Gflop/s
>>>> End of record <<<<
Dimension M: 2048
Adjusted dimension M: 2048
Dimension N: 512
Adjusted dimension N: 512
Dimension K: 256
Adjusted dimension K: 256
>>>> Begin of record <<<<
Block dimensions: 32x32
Grid dimensions : 16x64
GPU kernel version: cublas
Elapsed time: 174.078079 ms
Performance:  308.408109 Gflop/s
>>>> End of record <<<<
Dimension M: 2048
Adjusted dimension M: 2048
Dimension N: 512
Adjusted dimension N: 512
Dimension K: 512
Adjusted dimension K: 512
>>>> Begin of record <<<<
Block dimensions: 32x32
Grid dimensions : 16x64
GPU kernel version: cublas
Elapsed time: 200.475037 ms
Performance:  535.598767 Gflop/s
>>>> End of record <<<<
Dimension M: 2048
Adjusted dimension M: 2048
Dimension N: 512
Adjusted dimension N: 512
Dimension K: 1024
Adjusted dimension K: 1024
>>>> Begin of record <<<<
Block dimensions: 32x32
Grid dimensions : 16x64
GPU kernel version: cublas
Elapsed time: 237.510818 ms
Performance:  904.162455 Gflop/s
>>>> End of record <<<<
Dimension M: 2048
Adjusted dimension M: 2048
Dimension N: 512
Adjusted dimension N: 512
Dimension K: 2048
Adjusted dimension K: 2048
>>>> Begin of record <<<<
Block dimensions: 32x32
Grid dimensions : 16x64
GPU kernel version: cublas
Elapsed time: 333.331055 ms
Performance:  1288.498997 Gflop/s
>>>> End of record <<<<
Dimension M: 2048
Adjusted dimension M: 2048
Dimension N: 1024
Adjusted dimension N: 1024
Dimension K: 256
Adjusted dimension K: 256
>>>> Begin of record <<<<
Block dimensions: 32x32
Grid dimensions : 32x64
GPU kernel version: cublas
Elapsed time: 192.420410 ms
Performance:  558.018675 Gflop/s
>>>> End of record <<<<
Dimension M: 2048
Adjusted dimension M: 2048
Dimension N: 1024
Adjusted dimension N: 1024
Dimension K: 512
Adjusted dimension K: 512
>>>> Begin of record <<<<
Block dimensions: 32x32
Grid dimensions : 32x64
GPU kernel version: cublas
Elapsed time: 217.391006 ms
Performance:  987.843832 Gflop/s
>>>> End of record <<<<
Dimension M: 2048
Adjusted dimension M: 2048
Dimension N: 1024
Adjusted dimension N: 1024
Dimension K: 1024
Adjusted dimension K: 1024
>>>> Begin of record <<<<
Block dimensions: 32x32
Grid dimensions : 32x64
GPU kernel version: cublas
Elapsed time: 303.001465 ms
Performance:  1417.474103 Gflop/s
>>>> End of record <<<<
Dimension M: 2048
Adjusted dimension M: 2048
Dimension N: 1024
Adjusted dimension N: 1024
Dimension K: 2048
Adjusted dimension K: 2048
>>>> Begin of record <<<<
Block dimensions: 32x32
Grid dimensions : 32x64
GPU kernel version: cublas
Elapsed time: 436.535400 ms
Performance:  1967.752119 Gflop/s
>>>> End of record <<<<
Dimension M: 2048
Adjusted dimension M: 2048
Dimension N: 2048
Adjusted dimension N: 2048
Dimension K: 256
Adjusted dimension K: 256
>>>> Begin of record <<<<
Block dimensions: 32x32
Grid dimensions : 64x64
GPU kernel version: cublas
Elapsed time: 241.952805 ms
Performance:  887.563032 Gflop/s
>>>> End of record <<<<
Dimension M: 2048
Adjusted dimension M: 2048
Dimension N: 2048
Adjusted dimension N: 2048
Dimension K: 512
Adjusted dimension K: 512
>>>> Begin of record <<<<
Block dimensions: 32x32
Grid dimensions : 64x64
GPU kernel version: cublas
Elapsed time: 299.428223 ms
Performance:  1434.389604 Gflop/s
>>>> End of record <<<<
Dimension M: 2048
Adjusted dimension M: 2048
Dimension N: 2048
Adjusted dimension N: 2048
Dimension K: 1024
Adjusted dimension K: 1024
>>>> Begin of record <<<<
Block dimensions: 32x32
Grid dimensions : 64x64
GPU kernel version: cublas
Elapsed time: 451.088470 ms
Performance:  1904.268265 Gflop/s
>>>> End of record <<<<
Dimension M: 2048
Adjusted dimension M: 2048
Dimension N: 2048
Adjusted dimension N: 2048
Dimension K: 2048
Adjusted dimension K: 2048
>>>> Begin of record <<<<
Block dimensions: 32x32
Grid dimensions : 64x64
GPU kernel version: cublas
Elapsed time: 731.749329 ms
Performance:  2347.780656 Gflop/s
>>>> End of record <<<<
Benchmark ended on Wed Mar  2 00:48:32 EET 2022 in dungani
